{"meta": {"format": 3, "version": "7.13.4", "timestamp": "2026-03-01T17:51:09.266093", "branch_coverage": false, "show_contexts": false}, "files": {"src/copex/__init__.py": {"executed_lines": [3, 6, 7, 21, 22, 23, 24, 25, 26, 27, 28, 45, 65, 75, 76, 77, 87, 88, 89, 90, 91, 92, 102, 104], "summary": {"covered_lines": 24, "num_statements": 24, "percent_covered": 100.0, "percent_covered_display": "100", "missing_lines": 0, "excluded_lines": 0, "percent_statements_covered": 100.0, "percent_statements_covered_display": "100"}, "missing_lines": [], "excluded_lines": [], "functions": {"": {"executed_lines": [3, 6, 7, 21, 22, 23, 24, 25, 26, 27, 28, 45, 65, 75, 76, 77, 87, 88, 89, 90, 91, 92, 102, 104], "summary": {"covered_lines": 24, "num_statements": 24, "percent_covered": 100.0, "percent_covered_display": "100", "missing_lines": 0, "excluded_lines": 0, "percent_statements_covered": 100.0, "percent_statements_covered_display": "100"}, "missing_lines": [], "excluded_lines": [], "start_line": 1}}, "classes": {"": {"executed_lines": [3, 6, 7, 21, 22, 23, 24, 25, 26, 27, 28, 45, 65, 75, 76, 77, 87, 88, 89, 90, 91, 92, 102, 104], "summary": {"covered_lines": 24, "num_statements": 24, "percent_covered": 100.0, "percent_covered_display": "100", "missing_lines": 0, "excluded_lines": 0, "percent_statements_covered": 100.0, "percent_statements_covered_display": "100"}, "missing_lines": [], "excluded_lines": [], "start_line": 1}}}, "src/copex/agent.py": {"executed_lines": [8, 10, 11, 12, 13, 14, 15, 17, 19, 21, 24, 25, 41, 42, 45, 46, 47, 48, 49, 50, 52, 53, 62, 63, 66, 67, 70, 71, 72, 73, 74, 75, 77, 78, 87, 88, 91, 93, 94, 95, 96, 97, 98, 99, 100, 101, 102, 103, 104, 105, 108, 124, 132, 133, 134, 135, 136, 138, 139, 140, 141, 143, 144, 145, 146, 148, 149, 150, 152, 153, 155, 157, 158, 160, 161, 162, 163, 165, 166, 167, 168, 169, 171, 173, 176, 177, 178, 181, 182, 183, 185, 186, 187, 189, 191, 192, 193, 194, 196, 197, 199, 200, 202, 204, 205, 207, 208, 209, 213, 214, 215, 216, 217, 218, 219, 220, 221, 223, 224, 225, 226, 227, 230, 233, 234, 235, 237, 239, 241, 248, 249, 250, 251], "summary": {"covered_lines": 133, "num_statements": 133, "percent_covered": 100.0, "percent_covered_display": "100", "missing_lines": 0, "excluded_lines": 14, "percent_statements_covered": 100.0, "percent_statements_covered_display": "100"}, "missing_lines": [], "excluded_lines": [27, 28, 29, 30, 31, 32, 33, 34, 35, 36, 37, 38, 39, 40], "functions": {"AgentClient.start": {"executed_lines": [], "summary": {"covered_lines": 0, "num_statements": 0, "percent_covered": 100.0, "percent_covered_display": "100", "missing_lines": 0, "excluded_lines": 1, "percent_statements_covered": 100.0, "percent_statements_covered_display": "100"}, "missing_lines": [], "excluded_lines": [28], "start_line": 28}, "AgentClient.stop": {"executed_lines": [], "summary": {"covered_lines": 0, "num_statements": 0, "percent_covered": 100.0, "percent_covered_display": "100", "missing_lines": 0, "excluded_lines": 1, "percent_statements_covered": 100.0, "percent_statements_covered_display": "100"}, "missing_lines": [], "excluded_lines": [29], "start_line": 29}, "AgentClient.send": {"executed_lines": [], "summary": {"covered_lines": 0, "num_statements": 0, "percent_covered": 100.0, "percent_covered_display": "100", "missing_lines": 0, "excluded_lines": 1, "percent_statements_covered": 100.0, "percent_statements_covered_display": "100"}, "missing_lines": [], "excluded_lines": [38], "start_line": 31}, "AgentTurn.to_dict": {"executed_lines": [53], "summary": {"covered_lines": 1, "num_statements": 1, "percent_covered": 100.0, "percent_covered_display": "100", "missing_lines": 0, "excluded_lines": 0, "percent_statements_covered": 100.0, "percent_statements_covered_display": "100"}, "missing_lines": [], "excluded_lines": [], "start_line": 52}, "AgentTurn.to_json": {"executed_lines": [63], "summary": {"covered_lines": 1, "num_statements": 1, "percent_covered": 100.0, "percent_covered_display": "100", "missing_lines": 0, "excluded_lines": 0, "percent_statements_covered": 100.0, "percent_statements_covered_display": "100"}, "missing_lines": [], "excluded_lines": [], "start_line": 62}, "AgentResult.to_dict": {"executed_lines": [78], "summary": {"covered_lines": 1, "num_statements": 1, "percent_covered": 100.0, "percent_covered_display": "100", "missing_lines": 0, "excluded_lines": 0, "percent_statements_covered": 100.0, "percent_statements_covered_display": "100"}, "missing_lines": [], "excluded_lines": [], "start_line": 77}, "AgentResult.to_json": {"executed_lines": [88], "summary": {"covered_lines": 1, "num_statements": 1, "percent_covered": 100.0, "percent_covered_display": "100", "missing_lines": 0, "excluded_lines": 0, "percent_statements_covered": 100.0, "percent_statements_covered_display": "100"}, "missing_lines": [], "excluded_lines": [], "start_line": 87}, "_extract_tool_calls": {"executed_lines": [93, 94, 95, 96, 97, 98, 99, 100, 101, 102, 103, 104, 105], "summary": {"covered_lines": 13, "num_statements": 13, "percent_covered": 100.0, "percent_covered_display": "100", "missing_lines": 0, "excluded_lines": 0, "percent_statements_covered": 100.0, "percent_statements_covered_display": "100"}, "missing_lines": [], "excluded_lines": [], "start_line": 91}, "AgentSession.__init__": {"executed_lines": [132, 133, 134, 135, 136], "summary": {"covered_lines": 5, "num_statements": 5, "percent_covered": 100.0, "percent_covered_display": "100", "missing_lines": 0, "excluded_lines": 0, "percent_statements_covered": 100.0, "percent_statements_covered_display": "100"}, "missing_lines": [], "excluded_lines": [], "start_line": 124}, "AgentSession.start": {"executed_lines": [139, 140, 141], "summary": {"covered_lines": 3, "num_statements": 3, "percent_covered": 100.0, "percent_covered_display": "100", "missing_lines": 0, "excluded_lines": 0, "percent_statements_covered": 100.0, "percent_statements_covered_display": "100"}, "missing_lines": [], "excluded_lines": [], "start_line": 138}, "AgentSession.stop": {"executed_lines": [144, 145, 146], "summary": {"covered_lines": 3, "num_statements": 3, "percent_covered": 100.0, "percent_covered_display": "100", "missing_lines": 0, "excluded_lines": 0, "percent_statements_covered": 100.0, "percent_statements_covered_display": "100"}, "missing_lines": [], "excluded_lines": [], "start_line": 143}, "AgentSession.__aenter__": {"executed_lines": [149, 150], "summary": {"covered_lines": 2, "num_statements": 2, "percent_covered": 100.0, "percent_covered_display": "100", "missing_lines": 0, "excluded_lines": 0, "percent_statements_covered": 100.0, "percent_statements_covered_display": "100"}, "missing_lines": [], "excluded_lines": [], "start_line": 148}, "AgentSession.__aexit__": {"executed_lines": [153], "summary": {"covered_lines": 1, "num_statements": 1, "percent_covered": 100.0, "percent_covered_display": "100", "missing_lines": 0, "excluded_lines": 0, "percent_statements_covered": 100.0, "percent_statements_covered_display": "100"}, "missing_lines": [], "excluded_lines": [], "start_line": 152}, "AgentSession.run": {"executed_lines": [157, 158, 160, 161, 162, 163, 165, 166, 167, 168, 169, 171, 173, 176, 177, 178, 181, 182, 183, 185, 186, 187], "summary": {"covered_lines": 22, "num_statements": 22, "percent_covered": 100.0, "percent_covered_display": "100", "missing_lines": 0, "excluded_lines": 0, "percent_statements_covered": 100.0, "percent_statements_covered_display": "100"}, "missing_lines": [], "excluded_lines": [], "start_line": 155}, "AgentSession.run_streaming": {"executed_lines": [191, 192, 193, 194, 196, 197, 199, 200], "summary": {"covered_lines": 8, "num_statements": 8, "percent_covered": 100.0, "percent_covered_display": "100", "missing_lines": 0, "excluded_lines": 0, "percent_statements_covered": 100.0, "percent_statements_covered_display": "100"}, "missing_lines": [], "excluded_lines": [], "start_line": 189}, "AgentSession._execute_turn": {"executed_lines": [204, 205, 207, 223, 224, 225, 226, 227, 230, 233, 234, 235, 237, 239, 241, 248, 249, 250, 251], "summary": {"covered_lines": 19, "num_statements": 19, "percent_covered": 100.0, "percent_covered_display": "100", "missing_lines": 0, "excluded_lines": 0, "percent_statements_covered": 100.0, "percent_statements_covered_display": "100"}, "missing_lines": [], "excluded_lines": [], "start_line": 202}, "AgentSession._execute_turn.on_chunk": {"executed_lines": [208, 209, 213, 214, 215, 216, 217, 218, 219, 220, 221], "summary": {"covered_lines": 11, "num_statements": 11, "percent_covered": 100.0, "percent_covered_display": "100", "missing_lines": 0, "excluded_lines": 0, "percent_statements_covered": 100.0, "percent_statements_covered_display": "100"}, "missing_lines": [], "excluded_lines": [], "start_line": 207}, "": {"executed_lines": [8, 10, 11, 12, 13, 14, 15, 17, 19, 21, 24, 25, 41, 42, 45, 46, 47, 48, 49, 50, 52, 62, 66, 67, 70, 71, 72, 73, 74, 75, 77, 87, 91, 108, 124, 138, 143, 148, 152, 155, 189, 202], "summary": {"covered_lines": 42, "num_statements": 42, "percent_covered": 100.0, "percent_covered_display": "100", "missing_lines": 0, "excluded_lines": 11, "percent_statements_covered": 100.0, "percent_statements_covered_display": "100"}, "missing_lines": [], "excluded_lines": [27, 30, 31, 32, 33, 34, 35, 36, 37, 39, 40], "start_line": 1}}, "classes": {"AgentClient": {"executed_lines": [], "summary": {"covered_lines": 0, "num_statements": 0, "percent_covered": 100.0, "percent_covered_display": "100", "missing_lines": 0, "excluded_lines": 3, "percent_statements_covered": 100.0, "percent_statements_covered_display": "100"}, "missing_lines": [], "excluded_lines": [28, 29, 38], "start_line": 25}, "AgentTurn": {"executed_lines": [53, 63], "summary": {"covered_lines": 2, "num_statements": 2, "percent_covered": 100.0, "percent_covered_display": "100", "missing_lines": 0, "excluded_lines": 0, "percent_statements_covered": 100.0, "percent_statements_covered_display": "100"}, "missing_lines": [], "excluded_lines": [], "start_line": 42}, "AgentResult": {"executed_lines": [78, 88], "summary": {"covered_lines": 2, "num_statements": 2, "percent_covered": 100.0, "percent_covered_display": "100", "missing_lines": 0, "excluded_lines": 0, "percent_statements_covered": 100.0, "percent_statements_covered_display": "100"}, "missing_lines": [], "excluded_lines": [], "start_line": 67}, "AgentSession": {"executed_lines": [132, 133, 134, 135, 136, 139, 140, 141, 144, 145, 146, 149, 150, 153, 157, 158, 160, 161, 162, 163, 165, 166, 167, 168, 169, 171, 173, 176, 177, 178, 181, 182, 183, 185, 186, 187, 191, 192, 193, 194, 196, 197, 199, 200, 204, 205, 207, 208, 209, 213, 214, 215, 216, 217, 218, 219, 220, 221, 223, 224, 225, 226, 227, 230, 233, 234, 235, 237, 239, 241, 248, 249, 250, 251], "summary": {"covered_lines": 74, "num_statements": 74, "percent_covered": 100.0, "percent_covered_display": "100", "missing_lines": 0, "excluded_lines": 0, "percent_statements_covered": 100.0, "percent_statements_covered_display": "100"}, "missing_lines": [], "excluded_lines": [], "start_line": 108}, "": {"executed_lines": [8, 10, 11, 12, 13, 14, 15, 17, 19, 21, 24, 25, 41, 42, 45, 46, 47, 48, 49, 50, 52, 62, 66, 67, 70, 71, 72, 73, 74, 75, 77, 87, 91, 93, 94, 95, 96, 97, 98, 99, 100, 101, 102, 103, 104, 105, 108, 124, 138, 143, 148, 152, 155, 189, 202], "summary": {"covered_lines": 55, "num_statements": 55, "percent_covered": 100.0, "percent_covered_display": "100", "missing_lines": 0, "excluded_lines": 11, "percent_statements_covered": 100.0, "percent_statements_covered_display": "100"}, "missing_lines": [], "excluded_lines": [27, 30, 31, 32, 33, 34, 35, 36, 37, 39, 40], "start_line": 1}}}, "src/copex/approval.py": {"executed_lines": [3, 5, 6, 7, 8, 9, 10, 11, 12, 13, 14, 16, 17, 18, 21, 24, 25, 26, 27, 28, 29, 32, 35, 36, 37, 38, 41, 44, 45, 46, 49, 50, 53, 54, 55, 58, 59, 62, 63, 64, 65, 66, 67, 68, 71, 72, 75, 76, 79, 80, 83, 84, 85, 86, 87, 88, 89, 90, 91, 92, 93, 96, 97, 100, 101, 102, 103, 104, 105, 108, 109, 112, 113, 114, 115, 116, 117, 120, 121, 124, 125, 126, 127, 128, 129, 130, 131, 132, 133, 134, 135, 136, 137, 138, 139, 141, 142, 143, 144, 163, 164, 165, 166, 167, 168, 169, 170, 174, 194, 205, 206, 207, 208, 209, 210, 211, 229, 240, 241, 242, 243, 244, 249, 258, 260, 261, 264, 266, 268, 270, 271, 288, 289, 292, 293, 296, 297, 300, 301, 302, 303, 304, 306, 307, 309, 312, 313, 324, 325, 328, 329, 330, 332, 333, 334, 335, 336, 337, 338, 341, 344, 345, 346, 347, 350, 351, 352, 353, 354, 358, 359, 360, 361, 362, 366, 367, 368, 369, 370, 371, 372, 373, 374, 375, 376, 379, 380, 382, 383, 384, 391, 394, 395, 396, 397, 400, 401, 402, 403, 404, 406, 409, 410, 411, 414, 421, 422, 423, 424, 425, 426, 427, 428, 429, 430, 431, 432, 433, 436, 439, 447, 454, 462, 468, 470, 478, 484, 487, 497, 498, 502, 503, 504, 505, 506, 509, 512, 513, 514, 515, 516, 519, 521, 522, 523, 535, 541, 542, 543, 544, 546, 550, 551, 559, 560, 564, 567, 572, 573, 574, 608, 612, 619, 620, 621, 624, 625, 627, 628, 629, 631, 632, 635, 636, 638, 639, 640, 642, 643, 645, 646, 647, 648, 658, 659, 678, 679, 680, 681, 684, 691, 693, 700, 701, 702, 703, 705, 710, 715, 720, 726, 741, 743, 744, 745, 746, 747, 748, 749, 750, 751, 752, 753, 764, 767, 768, 771, 772, 773, 776, 779, 785, 786, 788, 795, 805, 806, 807, 808, 809, 810, 811, 812, 813, 814, 815, 816, 817, 818, 819, 821, 826, 827, 828, 829, 830, 836, 838, 839, 840, 841, 846, 851, 852, 853, 858, 860, 861, 868, 874, 877, 880, 881, 883, 884, 885, 886, 888, 889, 891, 892, 893, 894, 896, 897, 900, 901, 902, 904, 905, 906, 907, 908, 909, 910, 911, 914, 917, 935, 936, 938, 939, 941, 942, 943, 944, 945, 946, 947, 948, 949, 950, 951, 953, 954, 955, 957, 960, 961, 963, 964, 966, 967, 970, 973, 974, 975, 976, 983, 984, 985, 986, 999, 1002, 1004, 1012, 1015, 1016, 1026, 1027, 1029, 1031, 1032, 1034, 1036, 1037, 1038, 1039, 1040, 1041, 1043, 1044, 1045, 1048, 1049, 1050, 1051, 1052, 1053, 1054, 1056, 1061, 1062, 1064, 1074, 1075, 1079, 1098, 1107, 1109, 1110, 1111, 1112, 1114, 1115, 1116, 1120, 1131, 1139, 1140, 1143, 1144, 1146, 1147, 1148, 1149, 1150, 1151, 1152, 1153, 1154, 1161, 1169, 1171, 1172, 1182, 1184, 1186, 1187, 1188, 1189, 1191, 1192, 1193, 1194, 1197, 1200, 1201, 1202, 1204, 1209, 1211, 1214, 1217, 1224, 1225, 1231, 1238, 1240], "summary": {"covered_lines": 509, "num_statements": 641, "percent_covered": 79.40717628705148, "percent_covered_display": "79", "missing_lines": 132, "excluded_lines": 0, "percent_statements_covered": 79.40717628705148, "percent_statements_covered_display": "79"}, "missing_lines": [172, 173, 267, 269, 308, 331, 339, 340, 355, 363, 405, 471, 488, 489, 490, 491, 492, 493, 494, 499, 500, 501, 517, 547, 548, 552, 553, 554, 555, 556, 557, 561, 562, 576, 577, 578, 579, 581, 582, 583, 584, 585, 586, 587, 588, 589, 590, 591, 592, 593, 594, 595, 596, 598, 599, 600, 602, 603, 605, 609, 622, 633, 641, 644, 660, 661, 662, 663, 664, 665, 666, 694, 695, 696, 697, 698, 769, 789, 802, 803, 847, 890, 895, 898, 899, 937, 958, 965, 968, 969, 971, 972, 977, 978, 979, 980, 981, 988, 992, 993, 994, 995, 996, 997, 1003, 1005, 1006, 1007, 1008, 1009, 1010, 1011, 1013, 1028, 1033, 1035, 1042, 1046, 1057, 1058, 1059, 1108, 1141, 1155, 1160, 1195, 1196, 1198, 1205, 1206, 1207, 1241], "excluded_lines": [], "functions": {"AuditEntry.to_dict": {"executed_lines": [142, 143, 144], "summary": {"covered_lines": 3, "num_statements": 3, "percent_covered": 100.0, "percent_covered_display": "100", "missing_lines": 0, "excluded_lines": 0, "percent_statements_covered": 100.0, "percent_statements_covered_display": "100"}, "missing_lines": [], "excluded_lines": [], "start_line": 141}, "AuditEntry.from_dict": {"executed_lines": [165, 166, 167, 168, 169, 170, 174], "summary": {"covered_lines": 7, "num_statements": 9, "percent_covered": 77.77777777777777, "percent_covered_display": "78", "missing_lines": 2, "excluded_lines": 0, "percent_statements_covered": 77.77777777777777, "percent_statements_covered_display": "78"}, "missing_lines": [172, 173], "excluded_lines": [], "start_line": 164}, "default_audit_log_path": {"executed_lines": [260, 261], "summary": {"covered_lines": 2, "num_statements": 2, "percent_covered": 100.0, "percent_covered_display": "100", "missing_lines": 0, "excluded_lines": 0, "percent_statements_covered": 100.0, "percent_statements_covered_display": "100"}, "missing_lines": [], "excluded_lines": [], "start_line": 258}, "normalize_approval_mode": {"executed_lines": [266, 268, 270, 271, 288, 289], "summary": {"covered_lines": 6, "num_statements": 8, "percent_covered": 75.0, "percent_covered_display": "75", "missing_lines": 2, "excluded_lines": 0, "percent_statements_covered": 75.0, "percent_statements_covered_display": "75"}, "missing_lines": [267, 269], "excluded_lines": [], "start_line": 264}, "_now_iso": {"executed_lines": [293], "summary": {"covered_lines": 1, "num_statements": 1, "percent_covered": 100.0, "percent_covered_display": "100", "missing_lines": 0, "excluded_lines": 0, "percent_statements_covered": 100.0, "percent_statements_covered_display": "100"}, "missing_lines": [], "excluded_lines": [], "start_line": 292}, "_stable_json": {"executed_lines": [297], "summary": {"covered_lines": 1, "num_statements": 1, "percent_covered": 100.0, "percent_covered_display": "100", "missing_lines": 0, "excluded_lines": 0, "percent_statements_covered": 100.0, "percent_statements_covered_display": "100"}, "missing_lines": [], "excluded_lines": [], "start_line": 296}, "_short_text": {"executed_lines": [301, 302, 303, 304, 306, 307, 309], "summary": {"covered_lines": 7, "num_statements": 8, "percent_covered": 87.5, "percent_covered_display": "88", "missing_lines": 1, "excluded_lines": 0, "percent_statements_covered": 87.5, "percent_statements_covered_display": "88"}, "missing_lines": [308], "excluded_lines": [], "start_line": 300}, "_change_fingerprint": {"executed_lines": [313, 324, 325], "summary": {"covered_lines": 3, "num_statements": 3, "percent_covered": 100.0, "percent_covered_display": "100", "missing_lines": 0, "excluded_lines": 0, "percent_statements_covered": 100.0, "percent_statements_covered_display": "100"}, "missing_lines": [], "excluded_lines": [], "start_line": 312}, "_resolve_path": {"executed_lines": [329, 330, 332, 333, 334, 335, 336, 337, 338, 341], "summary": {"covered_lines": 10, "num_statements": 13, "percent_covered": 76.92307692307692, "percent_covered_display": "77", "missing_lines": 3, "excluded_lines": 0, "percent_statements_covered": 76.92307692307692, "percent_statements_covered_display": "77"}, "missing_lines": [331, 339, 340], "excluded_lines": [], "start_line": 328}, "_read_existing": {"executed_lines": [345, 346, 347], "summary": {"covered_lines": 3, "num_statements": 3, "percent_covered": 100.0, "percent_covered_display": "100", "missing_lines": 0, "excluded_lines": 0, "percent_statements_covered": 100.0, "percent_statements_covered_display": "100"}, "missing_lines": [], "excluded_lines": [], "start_line": 344}, "_extract_path": {"executed_lines": [351, 352, 353, 354], "summary": {"covered_lines": 4, "num_statements": 5, "percent_covered": 80.0, "percent_covered_display": "80", "missing_lines": 1, "excluded_lines": 0, "percent_statements_covered": 80.0, "percent_statements_covered_display": "80"}, "missing_lines": [355], "excluded_lines": [], "start_line": 350}, "_first_string": {"executed_lines": [359, 360, 361, 362], "summary": {"covered_lines": 4, "num_statements": 5, "percent_covered": 80.0, "percent_covered_display": "80", "missing_lines": 1, "excluded_lines": 0, "percent_statements_covered": 80.0, "percent_statements_covered_display": "80"}, "missing_lines": [363], "excluded_lines": [], "start_line": 358}, "_count_diff_lines": {"executed_lines": [367, 368, 369, 370, 371, 372, 373, 374, 375, 376], "summary": {"covered_lines": 10, "num_statements": 10, "percent_covered": 100.0, "percent_covered_display": "100", "missing_lines": 0, "excluded_lines": 0, "percent_statements_covered": 100.0, "percent_statements_covered_display": "100"}, "missing_lines": [], "excluded_lines": [], "start_line": 366}, "_build_unified_diff": {"executed_lines": [380, 382, 383, 384, 391], "summary": {"covered_lines": 5, "num_statements": 5, "percent_covered": 100.0, "percent_covered_display": "100", "missing_lines": 0, "excluded_lines": 0, "percent_statements_covered": 100.0, "percent_statements_covered_display": "100"}, "missing_lines": [], "excluded_lines": [], "start_line": 379}, "_contains_secret_like_content": {"executed_lines": [395, 396, 397], "summary": {"covered_lines": 3, "num_statements": 3, "percent_covered": 100.0, "percent_covered_display": "100", "missing_lines": 0, "excluded_lines": 0, "percent_statements_covered": 100.0, "percent_statements_covered_display": "100"}, "missing_lines": [], "excluded_lines": [], "start_line": 394}, "_risk_severity": {"executed_lines": [401, 402, 403, 404, 406], "summary": {"covered_lines": 5, "num_statements": 6, "percent_covered": 83.33333333333333, "percent_covered_display": "83", "missing_lines": 1, "excluded_lines": 0, "percent_statements_covered": 83.33333333333333, "percent_statements_covered_display": "83"}, "missing_lines": [405], "excluded_lines": [], "start_line": 400}, "_build_risk_assessment": {"executed_lines": [410, 411], "summary": {"covered_lines": 2, "num_statements": 2, "percent_covered": 100.0, "percent_covered_display": "100", "missing_lines": 0, "excluded_lines": 0, "percent_statements_covered": 100.0, "percent_statements_covered_display": "100"}, "missing_lines": [], "excluded_lines": [], "start_line": 409}, "_assess_risk": {"executed_lines": [421, 422, 423, 424, 425, 426, 427, 428, 429, 430, 431, 432, 433], "summary": {"covered_lines": 13, "num_statements": 13, "percent_covered": 100.0, "percent_covered_display": "100", "missing_lines": 0, "excluded_lines": 0, "percent_statements_covered": 100.0, "percent_statements_covered_display": "100"}, "missing_lines": [], "excluded_lines": [], "start_line": 414}, "RiskAssessor.flags": {"executed_lines": [447], "summary": {"covered_lines": 1, "num_statements": 1, "percent_covered": 100.0, "percent_covered_display": "100", "missing_lines": 0, "excluded_lines": 0, "percent_statements_covered": 100.0, "percent_statements_covered_display": "100"}, "missing_lines": [], "excluded_lines": [], "start_line": 439}, "RiskAssessor.assess": {"executed_lines": [462, 468], "summary": {"covered_lines": 2, "num_statements": 2, "percent_covered": 100.0, "percent_covered_display": "100", "missing_lines": 0, "excluded_lines": 0, "percent_statements_covered": 100.0, "percent_statements_covered_display": "100"}, "missing_lines": [], "excluded_lines": [], "start_line": 454}, "RiskAssessor.assess_preview": {"executed_lines": [], "summary": {"covered_lines": 0, "num_statements": 1, "percent_covered": 0.0, "percent_covered_display": "0", "missing_lines": 1, "excluded_lines": 0, "percent_statements_covered": 0.0, "percent_statements_covered_display": "0"}, "missing_lines": [471], "excluded_lines": [], "start_line": 470}, "_build_summary": {"executed_lines": [484], "summary": {"covered_lines": 1, "num_statements": 1, "percent_covered": 100.0, "percent_covered_display": "100", "missing_lines": 0, "excluded_lines": 0, "percent_statements_covered": 100.0, "percent_statements_covered_display": "100"}, "missing_lines": [], "excluded_lines": [], "start_line": 478}, "_patch_operation_for_path": {"executed_lines": [], "summary": {"covered_lines": 0, "num_statements": 7, "percent_covered": 0.0, "percent_covered_display": "0", "missing_lines": 7, "excluded_lines": 0, "percent_statements_covered": 0.0, "percent_statements_covered_display": "0"}, "missing_lines": [488, 489, 490, 491, 492, 493, 494], "excluded_lines": [], "start_line": 487}, "_infer_operation": {"executed_lines": [498, 502, 503, 504, 505, 506], "summary": {"covered_lines": 6, "num_statements": 9, "percent_covered": 66.66666666666667, "percent_covered_display": "67", "missing_lines": 3, "excluded_lines": 0, "percent_statements_covered": 66.66666666666667, "percent_statements_covered_display": "67"}, "missing_lines": [499, 500, 501], "excluded_lines": [], "start_line": 497}, "_build_file_metadata": {"executed_lines": [512, 513, 514, 515, 516, 519, 521, 522, 523], "summary": {"covered_lines": 9, "num_statements": 10, "percent_covered": 90.0, "percent_covered_display": "90", "missing_lines": 1, "excluded_lines": 0, "percent_statements_covered": 90.0, "percent_statements_covered_display": "90"}, "missing_lines": [517], "excluded_lines": [], "start_line": 509}, "_truncate_diff": {"executed_lines": [541, 542, 543, 544, 546, 550, 551, 559, 560, 564], "summary": {"covered_lines": 10, "num_statements": 20, "percent_covered": 50.0, "percent_covered_display": "50", "missing_lines": 10, "excluded_lines": 0, "percent_statements_covered": 50.0, "percent_statements_covered_display": "50"}, "missing_lines": [547, 548, 552, 553, 554, 555, 556, 557, 561, 562], "excluded_lines": [], "start_line": 535}, "_infer_after_content": {"executed_lines": [572, 573, 574], "summary": {"covered_lines": 3, "num_statements": 29, "percent_covered": 10.344827586206897, "percent_covered_display": "10", "missing_lines": 26, "excluded_lines": 0, "percent_statements_covered": 10.344827586206897, "percent_statements_covered_display": "10"}, "missing_lines": [576, 577, 578, 579, 581, 582, 583, 584, 585, 586, 587, 588, 589, 590, 591, 592, 593, 594, 595, 596, 598, 599, 600, 602, 603, 605], "excluded_lines": [], "start_line": 567}, "_extract_patch_paths": {"executed_lines": [], "summary": {"covered_lines": 0, "num_statements": 1, "percent_covered": 0.0, "percent_covered_display": "0", "missing_lines": 1, "excluded_lines": 0, "percent_statements_covered": 0.0, "percent_statements_covered_display": "0"}, "missing_lines": [609], "excluded_lines": [], "start_line": 608}, "extract_proposed_changes": {"executed_lines": [619, 620, 621, 624, 625, 627, 628, 629, 631, 632, 635, 636, 638, 639, 640, 642, 643, 645, 646, 647, 648, 658, 659, 678, 679, 680, 681], "summary": {"covered_lines": 27, "num_statements": 38, "percent_covered": 71.05263157894737, "percent_covered_display": "71", "missing_lines": 11, "excluded_lines": 0, "percent_statements_covered": 71.05263157894737, "percent_statements_covered_display": "71"}, "missing_lines": [622, 633, 641, 644, 660, 661, 662, 663, 664, 665, 666], "excluded_lines": [], "start_line": 612}, "build_preview": {"executed_lines": [691, 693, 700, 701, 702, 703, 705, 710, 715, 720, 726], "summary": {"covered_lines": 11, "num_statements": 16, "percent_covered": 68.75, "percent_covered_display": "69", "missing_lines": 5, "excluded_lines": 0, "percent_statements_covered": 68.75, "percent_statements_covered_display": "69"}, "missing_lines": [694, 695, 696, 697, 698], "excluded_lines": [], "start_line": 684}, "summarize_changes": {"executed_lines": [743, 744, 745, 746, 747, 748, 749, 750, 751, 752, 753], "summary": {"covered_lines": 11, "num_statements": 11, "percent_covered": 100.0, "percent_covered_display": "100", "missing_lines": 0, "excluded_lines": 0, "percent_statements_covered": 100.0, "percent_statements_covered_display": "100"}, "missing_lines": [], "excluded_lines": [], "start_line": 741}, "ChangeStats.summarize": {"executed_lines": [], "summary": {"covered_lines": 0, "num_statements": 1, "percent_covered": 0.0, "percent_covered_display": "0", "missing_lines": 1, "excluded_lines": 0, "percent_statements_covered": 0.0, "percent_statements_covered_display": "0"}, "missing_lines": [769], "excluded_lines": [], "start_line": 768}, "ChangeStats.from_previews": {"executed_lines": [773], "summary": {"covered_lines": 1, "num_statements": 1, "percent_covered": 100.0, "percent_covered_display": "100", "missing_lines": 0, "excluded_lines": 0, "percent_statements_covered": 100.0, "percent_statements_covered_display": "100"}, "missing_lines": [], "excluded_lines": [], "start_line": 772}, "DiffPreview.__init__": {"executed_lines": [785, 786], "summary": {"covered_lines": 2, "num_statements": 2, "percent_covered": 100.0, "percent_covered_display": "100", "missing_lines": 0, "excluded_lines": 0, "percent_statements_covered": 100.0, "percent_statements_covered_display": "100"}, "missing_lines": [], "excluded_lines": [], "start_line": 779}, "DiffPreview.build": {"executed_lines": [], "summary": {"covered_lines": 0, "num_statements": 1, "percent_covered": 0.0, "percent_covered_display": "0", "missing_lines": 1, "excluded_lines": 0, "percent_statements_covered": 0.0, "percent_statements_covered_display": "0"}, "missing_lines": [789], "excluded_lines": [], "start_line": 788}, "DiffPreview.from_tool_call": {"executed_lines": [], "summary": {"covered_lines": 0, "num_statements": 2, "percent_covered": 0.0, "percent_covered_display": "0", "missing_lines": 2, "excluded_lines": 0, "percent_statements_covered": 0.0, "percent_statements_covered_display": "0"}, "missing_lines": [802, 803], "excluded_lines": [], "start_line": 795}, "DiffPreview.colorize": {"executed_lines": [807, 808, 809, 810, 811, 812, 813, 814, 815, 816, 817, 818, 819], "summary": {"covered_lines": 13, "num_statements": 13, "percent_covered": 100.0, "percent_covered_display": "100", "missing_lines": 0, "excluded_lines": 0, "percent_statements_covered": 100.0, "percent_statements_covered_display": "100"}, "missing_lines": [], "excluded_lines": [], "start_line": 806}, "DiffPreview.render_panel": {"executed_lines": [826, 827, 828, 829, 830, 836, 838, 839, 840, 841, 846, 851, 852, 853, 858, 860, 861], "summary": {"covered_lines": 17, "num_statements": 18, "percent_covered": 94.44444444444444, "percent_covered_display": "94", "missing_lines": 1, "excluded_lines": 0, "percent_statements_covered": 94.44444444444444, "percent_statements_covered_display": "94"}, "missing_lines": [847], "excluded_lines": [], "start_line": 821}, "DiffPreview.render": {"executed_lines": [874], "summary": {"covered_lines": 1, "num_statements": 1, "percent_covered": 100.0, "percent_covered_display": "100", "missing_lines": 0, "excluded_lines": 0, "percent_statements_covered": 100.0, "percent_statements_covered_display": "100"}, "missing_lines": [], "excluded_lines": [], "start_line": 868}, "AuditLogger.__init__": {"executed_lines": [881], "summary": {"covered_lines": 1, "num_statements": 1, "percent_covered": 100.0, "percent_covered_display": "100", "missing_lines": 0, "excluded_lines": 0, "percent_statements_covered": 100.0, "percent_statements_covered_display": "100"}, "missing_lines": [], "excluded_lines": [], "start_line": 880}, "AuditLogger.write": {"executed_lines": [884, 885, 886], "summary": {"covered_lines": 3, "num_statements": 3, "percent_covered": 100.0, "percent_covered_display": "100", "missing_lines": 0, "excluded_lines": 0, "percent_statements_covered": 100.0, "percent_statements_covered_display": "100"}, "missing_lines": [], "excluded_lines": [], "start_line": 883}, "AuditLogger.read": {"executed_lines": [889, 891, 892, 893, 894, 896, 897, 900, 901, 902], "summary": {"covered_lines": 10, "num_statements": 14, "percent_covered": 71.42857142857143, "percent_covered_display": "71", "missing_lines": 4, "excluded_lines": 0, "percent_statements_covered": 71.42857142857143, "percent_statements_covered_display": "71"}, "missing_lines": [890, 895, 898, 899], "excluded_lines": [], "start_line": 888}, "AuditLogger.query": {"executed_lines": [905, 906, 907, 908, 909, 910, 911], "summary": {"covered_lines": 7, "num_statements": 7, "percent_covered": 100.0, "percent_covered_display": "100", "missing_lines": 0, "excluded_lines": 0, "percent_statements_covered": 100.0, "percent_statements_covered_display": "100"}, "missing_lines": [], "excluded_lines": [], "start_line": 904}, "ApprovalWorkflow.__init__": {"executed_lines": [935, 936, 938, 939, 941, 942, 943, 944, 945, 946, 947, 948, 949, 950, 951], "summary": {"covered_lines": 15, "num_statements": 16, "percent_covered": 93.75, "percent_covered_display": "94", "missing_lines": 1, "excluded_lines": 0, "percent_statements_covered": 93.75, "percent_statements_covered_display": "94"}, "missing_lines": [937], "excluded_lines": [], "start_line": 917}, "ApprovalWorkflow.mode": {"executed_lines": [955], "summary": {"covered_lines": 1, "num_statements": 1, "percent_covered": 100.0, "percent_covered_display": "100", "missing_lines": 0, "excluded_lines": 0, "percent_statements_covered": 100.0, "percent_statements_covered_display": "100"}, "missing_lines": [], "excluded_lines": [], "start_line": 954}, "ApprovalWorkflow._colorize_diff": {"executed_lines": [], "summary": {"covered_lines": 0, "num_statements": 1, "percent_covered": 0.0, "percent_covered_display": "0", "missing_lines": 1, "excluded_lines": 0, "percent_statements_covered": 0.0, "percent_statements_covered_display": "0"}, "missing_lines": [958], "excluded_lines": [], "start_line": 957}, "ApprovalWorkflow._render_preview": {"executed_lines": [961], "summary": {"covered_lines": 1, "num_statements": 1, "percent_covered": 100.0, "percent_covered_display": "100", "missing_lines": 0, "excluded_lines": 0, "percent_statements_covered": 100.0, "percent_statements_covered_display": "100"}, "missing_lines": [], "excluded_lines": [], "start_line": 960}, "ApprovalWorkflow._normalize_prompt_choice": {"executed_lines": [964, 966, 967, 970, 973, 974, 975, 976], "summary": {"covered_lines": 8, "num_statements": 18, "percent_covered": 44.44444444444444, "percent_covered_display": "44", "missing_lines": 10, "excluded_lines": 0, "percent_statements_covered": 44.44444444444444, "percent_statements_covered_display": "44"}, "missing_lines": [965, 968, 969, 971, 972, 977, 978, 979, 980, 981], "excluded_lines": [], "start_line": 963}, "ApprovalWorkflow._prompt_action": {"executed_lines": [984, 985, 986], "summary": {"covered_lines": 3, "num_statements": 10, "percent_covered": 30.0, "percent_covered_display": "30", "missing_lines": 7, "excluded_lines": 0, "percent_statements_covered": 30.0, "percent_statements_covered_display": "30"}, "missing_lines": [988, 992, 993, 994, 995, 996, 997], "excluded_lines": [], "start_line": 983}, "ApprovalWorkflow._coerce_policy_outcome": {"executed_lines": [1002, 1004, 1012, 1015, 1016, 1026, 1027, 1029], "summary": {"covered_lines": 8, "num_statements": 18, "percent_covered": 44.44444444444444, "percent_covered_display": "44", "missing_lines": 10, "excluded_lines": 0, "percent_statements_covered": 44.44444444444444, "percent_statements_covered_display": "44"}, "missing_lines": [1003, 1005, 1006, 1007, 1008, 1009, 1010, 1011, 1013, 1028], "excluded_lines": [], "start_line": 999}, "ApprovalWorkflow._decide_outcome": {"executed_lines": [1032, 1034, 1036, 1037, 1038, 1039, 1040, 1041, 1043, 1044, 1045], "summary": {"covered_lines": 11, "num_statements": 15, "percent_covered": 73.33333333333333, "percent_covered_display": "73", "missing_lines": 4, "excluded_lines": 0, "percent_statements_covered": 73.33333333333333, "percent_statements_covered_display": "73"}, "missing_lines": [1033, 1035, 1042, 1046], "excluded_lines": [], "start_line": 1031}, "ApprovalWorkflow._decide_action": {"executed_lines": [1049, 1050, 1051, 1052, 1053, 1054], "summary": {"covered_lines": 6, "num_statements": 6, "percent_covered": 100.0, "percent_covered_display": "100", "missing_lines": 0, "excluded_lines": 0, "percent_statements_covered": 100.0, "percent_statements_covered_display": "100"}, "missing_lines": [], "excluded_lines": [], "start_line": 1048}, "ApprovalWorkflow._edited_content": {"executed_lines": [], "summary": {"covered_lines": 0, "num_statements": 3, "percent_covered": 0.0, "percent_covered_display": "0", "missing_lines": 3, "excluded_lines": 0, "percent_statements_covered": 0.0, "percent_statements_covered_display": "0"}, "missing_lines": [1057, 1058, 1059], "excluded_lines": [], "start_line": 1056}, "ApprovalWorkflow._should_log": {"executed_lines": [1062], "summary": {"covered_lines": 1, "num_statements": 1, "percent_covered": 100.0, "percent_covered_display": "100", "missing_lines": 0, "excluded_lines": 0, "percent_statements_covered": 100.0, "percent_statements_covered_display": "100"}, "missing_lines": [], "excluded_lines": [], "start_line": 1061}, "ApprovalWorkflow._audit_entry_for": {"executed_lines": [1074, 1075, 1079], "summary": {"covered_lines": 3, "num_statements": 3, "percent_covered": 100.0, "percent_covered_display": "100", "missing_lines": 0, "excluded_lines": 0, "percent_statements_covered": 100.0, "percent_statements_covered_display": "100"}, "missing_lines": [], "excluded_lines": [], "start_line": 1064}, "ApprovalWorkflow.log_execution_event": {"executed_lines": [1107, 1109, 1110, 1111, 1112, 1114, 1115, 1116, 1120], "summary": {"covered_lines": 9, "num_statements": 10, "percent_covered": 90.0, "percent_covered_display": "90", "missing_lines": 1, "excluded_lines": 0, "percent_statements_covered": 90.0, "percent_statements_covered_display": "90"}, "missing_lines": [1108], "excluded_lines": [], "start_line": 1098}, "ApprovalWorkflow.review_tool_call": {"executed_lines": [1139, 1140, 1143, 1144, 1146, 1147, 1148, 1149, 1150, 1151, 1152, 1153, 1154, 1161, 1169, 1171, 1172, 1182], "summary": {"covered_lines": 18, "num_statements": 21, "percent_covered": 85.71428571428571, "percent_covered_display": "86", "missing_lines": 3, "excluded_lines": 0, "percent_statements_covered": 85.71428571428571, "percent_statements_covered_display": "86"}, "missing_lines": [1141, 1155, 1160], "excluded_lines": [], "start_line": 1131}, "ApprovalWorkflow.apply_post_tool_decisions": {"executed_lines": [1186, 1187, 1188, 1189, 1191, 1192, 1193, 1194, 1197, 1200, 1201, 1202, 1204, 1209, 1211], "summary": {"covered_lines": 15, "num_statements": 21, "percent_covered": 71.42857142857143, "percent_covered_display": "71", "missing_lines": 6, "excluded_lines": 0, "percent_statements_covered": 71.42857142857143, "percent_statements_covered_display": "71"}, "missing_lines": [1195, 1196, 1198, 1205, 1206, 1207], "excluded_lines": [], "start_line": 1184}, "ApprovalGate.__init__": {"executed_lines": [1224, 1225], "summary": {"covered_lines": 2, "num_statements": 2, "percent_covered": 100.0, "percent_covered_display": "100", "missing_lines": 0, "excluded_lines": 0, "percent_statements_covered": 100.0, "percent_statements_covered_display": "100"}, "missing_lines": [], "excluded_lines": [], "start_line": 1217}, "ApprovalGate.review": {"executed_lines": [1238], "summary": {"covered_lines": 1, "num_statements": 1, "percent_covered": 100.0, "percent_covered_display": "100", "missing_lines": 0, "excluded_lines": 0, "percent_statements_covered": 100.0, "percent_statements_covered_display": "100"}, "missing_lines": [], "excluded_lines": [], "start_line": 1231}, "ApprovalGate.enforce": {"executed_lines": [], "summary": {"covered_lines": 0, "num_statements": 1, "percent_covered": 0.0, "percent_covered_display": "0", "missing_lines": 1, "excluded_lines": 0, "percent_statements_covered": 0.0, "percent_statements_covered_display": "0"}, "missing_lines": [1241], "excluded_lines": [], "start_line": 1240}, "": {"executed_lines": [3, 5, 6, 7, 8, 9, 10, 11, 12, 13, 14, 16, 17, 18, 21, 24, 25, 26, 27, 28, 29, 32, 35, 36, 37, 38, 41, 44, 45, 46, 49, 50, 53, 54, 55, 58, 59, 62, 63, 64, 65, 66, 67, 68, 71, 72, 75, 76, 79, 80, 83, 84, 85, 86, 87, 88, 89, 90, 91, 92, 93, 96, 97, 100, 101, 102, 103, 104, 105, 108, 109, 112, 113, 114, 115, 116, 117, 120, 121, 124, 125, 126, 127, 128, 129, 130, 131, 132, 133, 134, 135, 136, 137, 138, 139, 141, 163, 164, 194, 205, 206, 207, 208, 209, 210, 211, 229, 240, 241, 242, 243, 244, 249, 258, 264, 292, 296, 300, 312, 328, 344, 350, 358, 366, 379, 394, 400, 409, 414, 436, 439, 454, 470, 478, 487, 497, 509, 535, 567, 608, 612, 684, 741, 764, 767, 768, 771, 772, 776, 779, 788, 795, 805, 806, 821, 868, 877, 880, 883, 888, 904, 914, 917, 953, 954, 957, 960, 963, 983, 999, 1031, 1048, 1056, 1061, 1064, 1098, 1131, 1184, 1214, 1217, 1231, 1240], "summary": {"covered_lines": 182, "num_statements": 182, "percent_covered": 100.0, "percent_covered_display": "100", "missing_lines": 0, "excluded_lines": 0, "percent_statements_covered": 100.0, "percent_statements_covered_display": "100"}, "missing_lines": [], "excluded_lines": [], "start_line": 1}}, "classes": {"ApprovalMode": {"executed_lines": [], "summary": {"covered_lines": 0, "num_statements": 0, "percent_covered": 100.0, "percent_covered_display": "100", "missing_lines": 0, "excluded_lines": 0, "percent_statements_covered": 100.0, "percent_statements_covered_display": "100"}, "missing_lines": [], "excluded_lines": [], "start_line": 21}, "ApprovalAction": {"executed_lines": [], "summary": {"covered_lines": 0, "num_statements": 0, "percent_covered": 100.0, "percent_covered_display": "100", "missing_lines": 0, "excluded_lines": 0, "percent_statements_covered": 100.0, "percent_statements_covered_display": "100"}, "missing_lines": [], "excluded_lines": [], "start_line": 32}, "DecisionOutcome": {"executed_lines": [], "summary": {"covered_lines": 0, "num_statements": 0, "percent_covered": 100.0, "percent_covered_display": "100", "missing_lines": 0, "excluded_lines": 0, "percent_statements_covered": 100.0, "percent_statements_covered_display": "100"}, "missing_lines": [], "excluded_lines": [], "start_line": 41}, "ApprovalState": {"executed_lines": [], "summary": {"covered_lines": 0, "num_statements": 0, "percent_covered": 100.0, "percent_covered_display": "100", "missing_lines": 0, "excluded_lines": 0, "percent_statements_covered": 100.0, "percent_statements_covered_display": "100"}, "missing_lines": [], "excluded_lines": [], "start_line": 50}, "ChangeStatistics": {"executed_lines": [], "summary": {"covered_lines": 0, "num_statements": 0, "percent_covered": 100.0, "percent_covered_display": "100", "missing_lines": 0, "excluded_lines": 0, "percent_statements_covered": 100.0, "percent_statements_covered_display": "100"}, "missing_lines": [], "excluded_lines": [], "start_line": 59}, "RiskAssessment": {"executed_lines": [], "summary": {"covered_lines": 0, "num_statements": 0, "percent_covered": 100.0, "percent_covered_display": "100", "missing_lines": 0, "excluded_lines": 0, "percent_statements_covered": 100.0, "percent_statements_covered_display": "100"}, "missing_lines": [], "excluded_lines": [], "start_line": 72}, "ChangePreview": {"executed_lines": [], "summary": {"covered_lines": 0, "num_statements": 0, "percent_covered": 100.0, "percent_covered_display": "100", "missing_lines": 0, "excluded_lines": 0, "percent_statements_covered": 100.0, "percent_statements_covered_display": "100"}, "missing_lines": [], "excluded_lines": [], "start_line": 80}, "ProposedFileChange": {"executed_lines": [], "summary": {"covered_lines": 0, "num_statements": 0, "percent_covered": 100.0, "percent_covered_display": "100", "missing_lines": 0, "excluded_lines": 0, "percent_statements_covered": 100.0, "percent_statements_covered_display": "100"}, "missing_lines": [], "excluded_lines": [], "start_line": 97}, "ReviewedChange": {"executed_lines": [], "summary": {"covered_lines": 0, "num_statements": 0, "percent_covered": 100.0, "percent_covered_display": "100", "missing_lines": 0, "excluded_lines": 0, "percent_statements_covered": 100.0, "percent_statements_covered_display": "100"}, "missing_lines": [], "excluded_lines": [], "start_line": 109}, "AuditEntry": {"executed_lines": [142, 143, 144, 165, 166, 167, 168, 169, 170, 174], "summary": {"covered_lines": 10, "num_statements": 12, "percent_covered": 83.33333333333333, "percent_covered_display": "83", "missing_lines": 2, "excluded_lines": 0, "percent_statements_covered": 83.33333333333333, "percent_statements_covered_display": "83"}, "missing_lines": [172, 173], "excluded_lines": [], "start_line": 121}, "RiskAssessor": {"executed_lines": [447, 462, 468], "summary": {"covered_lines": 3, "num_statements": 4, "percent_covered": 75.0, "percent_covered_display": "75", "missing_lines": 1, "excluded_lines": 0, "percent_statements_covered": 75.0, "percent_statements_covered_display": "75"}, "missing_lines": [471], "excluded_lines": [], "start_line": 436}, "ChangeStats": {"executed_lines": [773], "summary": {"covered_lines": 1, "num_statements": 2, "percent_covered": 50.0, "percent_covered_display": "50", "missing_lines": 1, "excluded_lines": 0, "percent_statements_covered": 50.0, "percent_statements_covered_display": "50"}, "missing_lines": [769], "excluded_lines": [], "start_line": 764}, "DiffPreview": {"executed_lines": [785, 786, 807, 808, 809, 810, 811, 812, 813, 814, 815, 816, 817, 818, 819, 826, 827, 828, 829, 830, 836, 838, 839, 840, 841, 846, 851, 852, 853, 858, 860, 861, 874], "summary": {"covered_lines": 33, "num_statements": 37, "percent_covered": 89.1891891891892, "percent_covered_display": "89", "missing_lines": 4, "excluded_lines": 0, "percent_statements_covered": 89.1891891891892, "percent_statements_covered_display": "89"}, "missing_lines": [789, 802, 803, 847], "excluded_lines": [], "start_line": 776}, "AuditLogger": {"executed_lines": [881, 884, 885, 886, 889, 891, 892, 893, 894, 896, 897, 900, 901, 902, 905, 906, 907, 908, 909, 910, 911], "summary": {"covered_lines": 21, "num_statements": 25, "percent_covered": 84.0, "percent_covered_display": "84", "missing_lines": 4, "excluded_lines": 0, "percent_statements_covered": 84.0, "percent_statements_covered_display": "84"}, "missing_lines": [890, 895, 898, 899], "excluded_lines": [], "start_line": 877}, "ApprovalWorkflow": {"executed_lines": [935, 936, 938, 939, 941, 942, 943, 944, 945, 946, 947, 948, 949, 950, 951, 955, 961, 964, 966, 967, 970, 973, 974, 975, 976, 984, 985, 986, 1002, 1004, 1012, 1015, 1016, 1026, 1027, 1029, 1032, 1034, 1036, 1037, 1038, 1039, 1040, 1041, 1043, 1044, 1045, 1049, 1050, 1051, 1052, 1053, 1054, 1062, 1074, 1075, 1079, 1107, 1109, 1110, 1111, 1112, 1114, 1115, 1116, 1120, 1139, 1140, 1143, 1144, 1146, 1147, 1148, 1149, 1150, 1151, 1152, 1153, 1154, 1161, 1169, 1171, 1172, 1182, 1186, 1187, 1188, 1189, 1191, 1192, 1193, 1194, 1197, 1200, 1201, 1202, 1204, 1209, 1211], "summary": {"covered_lines": 99, "num_statements": 145, "percent_covered": 68.27586206896552, "percent_covered_display": "68", "missing_lines": 46, "excluded_lines": 0, "percent_statements_covered": 68.27586206896552, "percent_statements_covered_display": "68"}, "missing_lines": [937, 958, 965, 968, 969, 971, 972, 977, 978, 979, 980, 981, 988, 992, 993, 994, 995, 996, 997, 1003, 1005, 1006, 1007, 1008, 1009, 1010, 1011, 1013, 1028, 1033, 1035, 1042, 1046, 1057, 1058, 1059, 1108, 1141, 1155, 1160, 1195, 1196, 1198, 1205, 1206, 1207], "excluded_lines": [], "start_line": 914}, "ApprovalGate": {"executed_lines": [1224, 1225, 1238], "summary": {"covered_lines": 3, "num_statements": 4, "percent_covered": 75.0, "percent_covered_display": "75", "missing_lines": 1, "excluded_lines": 0, "percent_statements_covered": 75.0, "percent_statements_covered_display": "75"}, "missing_lines": [1241], "excluded_lines": [], "start_line": 1214}, "": {"executed_lines": [3, 5, 6, 7, 8, 9, 10, 11, 12, 13, 14, 16, 17, 18, 21, 24, 25, 26, 27, 28, 29, 32, 35, 36, 37, 38, 41, 44, 45, 46, 49, 50, 53, 54, 55, 58, 59, 62, 63, 64, 65, 66, 67, 68, 71, 72, 75, 76, 79, 80, 83, 84, 85, 86, 87, 88, 89, 90, 91, 92, 93, 96, 97, 100, 101, 102, 103, 104, 105, 108, 109, 112, 113, 114, 115, 116, 117, 120, 121, 124, 125, 126, 127, 128, 129, 130, 131, 132, 133, 134, 135, 136, 137, 138, 139, 141, 163, 164, 194, 205, 206, 207, 208, 209, 210, 211, 229, 240, 241, 242, 243, 244, 249, 258, 260, 261, 264, 266, 268, 270, 271, 288, 289, 292, 293, 296, 297, 300, 301, 302, 303, 304, 306, 307, 309, 312, 313, 324, 325, 328, 329, 330, 332, 333, 334, 335, 336, 337, 338, 341, 344, 345, 346, 347, 350, 351, 352, 353, 354, 358, 359, 360, 361, 362, 366, 367, 368, 369, 370, 371, 372, 373, 374, 375, 376, 379, 380, 382, 383, 384, 391, 394, 395, 396, 397, 400, 401, 402, 403, 404, 406, 409, 410, 411, 414, 421, 422, 423, 424, 425, 426, 427, 428, 429, 430, 431, 432, 433, 436, 439, 454, 470, 478, 484, 487, 497, 498, 502, 503, 504, 505, 506, 509, 512, 513, 514, 515, 516, 519, 521, 522, 523, 535, 541, 542, 543, 544, 546, 550, 551, 559, 560, 564, 567, 572, 573, 574, 608, 612, 619, 620, 621, 624, 625, 627, 628, 629, 631, 632, 635, 636, 638, 639, 640, 642, 643, 645, 646, 647, 648, 658, 659, 678, 679, 680, 681, 684, 691, 693, 700, 701, 702, 703, 705, 710, 715, 720, 726, 741, 743, 744, 745, 746, 747, 748, 749, 750, 751, 752, 753, 764, 767, 768, 771, 772, 776, 779, 788, 795, 805, 806, 821, 868, 877, 880, 883, 888, 904, 914, 917, 953, 954, 957, 960, 963, 983, 999, 1031, 1048, 1056, 1061, 1064, 1098, 1131, 1184, 1214, 1217, 1231, 1240], "summary": {"covered_lines": 339, "num_statements": 412, "percent_covered": 82.28155339805825, "percent_covered_display": "82", "missing_lines": 73, "excluded_lines": 0, "percent_statements_covered": 82.28155339805825, "percent_statements_covered_display": "82"}, "missing_lines": [267, 269, 308, 331, 339, 340, 355, 363, 405, 488, 489, 490, 491, 492, 493, 494, 499, 500, 501, 517, 547, 548, 552, 553, 554, 555, 556, 557, 561, 562, 576, 577, 578, 579, 581, 582, 583, 584, 585, 586, 587, 588, 589, 590, 591, 592, 593, 594, 595, 596, 598, 599, 600, 602, 603, 605, 609, 622, 633, 641, 644, 660, 661, 662, 663, 664, 665, 666, 694, 695, 696, 697, 698], "excluded_lines": [], "start_line": 1}}}, "src/copex/backoff.py": {"executed_lines": [7, 9, 10, 11, 12, 13, 14, 15, 16, 17, 18, 20, 22, 25, 28, 29, 30, 31, 32, 33, 34, 37, 38, 41, 42, 43, 44, 45, 46, 48, 50, 51, 52, 53, 54, 55, 56, 57, 58, 59, 61, 71, 74, 77, 78, 79, 81, 85, 140, 143, 144, 149, 155, 162, 163, 166, 180, 181, 184, 185, 186, 187, 188, 189, 190, 191, 192, 193, 195, 196, 199, 200, 201, 205, 206, 209, 210, 213, 214, 217, 218, 221, 222, 225, 228, 229, 232, 233, 234, 235, 236, 238, 240, 241, 242, 244, 246, 248, 249, 251, 254, 274, 288, 289, 290, 292, 294, 296, 314, 315, 317, 318, 319, 320, 321, 322, 323, 326, 328, 329, 330, 337, 338, 339, 340, 347, 348, 355, 358, 359, 360, 362, 365, 366, 372, 376, 377, 379, 380, 382, 408, 426, 436], "summary": {"covered_lines": 143, "num_statements": 150, "percent_covered": 95.33333333333333, "percent_covered_display": "95", "missing_lines": 7, "excluded_lines": 0, "percent_statements_covered": 95.33333333333333, "percent_statements_covered_display": "95"}, "missing_lines": [202, 368, 395, 396, 397, 402, 404], "excluded_lines": [], "functions": {"BackoffStrategy.__post_init__": {"executed_lines": [50, 51, 52, 53, 54, 55, 56, 57, 58, 59], "summary": {"covered_lines": 10, "num_statements": 10, "percent_covered": 100.0, "percent_covered_display": "100", "missing_lines": 0, "excluded_lines": 0, "percent_statements_covered": 100.0, "percent_statements_covered_display": "100"}, "missing_lines": [], "excluded_lines": [], "start_line": 48}, "BackoffStrategy.compute_delay": {"executed_lines": [71, 74, 77, 78, 79, 81], "summary": {"covered_lines": 6, "num_statements": 6, "percent_covered": 100.0, "percent_covered_display": "100", "missing_lines": 0, "excluded_lines": 0, "percent_statements_covered": 100.0, "percent_statements_covered_display": "100"}, "missing_lines": [], "excluded_lines": [], "start_line": 61}, "categorize_error": {"executed_lines": [180, 181, 184, 185, 186, 187, 188, 189, 190, 191, 192, 193, 195, 196, 199, 200, 201, 205, 206, 209, 210, 213, 214, 217, 218, 221, 222, 225], "summary": {"covered_lines": 28, "num_statements": 29, "percent_covered": 96.55172413793103, "percent_covered_display": "97", "missing_lines": 1, "excluded_lines": 0, "percent_statements_covered": 96.55172413793103, "percent_statements_covered_display": "97"}, "missing_lines": [202], "excluded_lines": [], "start_line": 166}, "RetryState.record_error": {"executed_lines": [240, 241, 242], "summary": {"covered_lines": 3, "num_statements": 3, "percent_covered": 100.0, "percent_covered_display": "100", "missing_lines": 0, "excluded_lines": 0, "percent_statements_covered": 100.0, "percent_statements_covered_display": "100"}, "missing_lines": [], "excluded_lines": [], "start_line": 238}, "RetryState.record_delay": {"executed_lines": [246], "summary": {"covered_lines": 1, "num_statements": 1, "percent_covered": 100.0, "percent_covered_display": "100", "missing_lines": 0, "excluded_lines": 0, "percent_statements_covered": 100.0, "percent_statements_covered_display": "100"}, "missing_lines": [], "excluded_lines": [], "start_line": 244}, "RetryState.elapsed": {"executed_lines": [251], "summary": {"covered_lines": 1, "num_statements": 1, "percent_covered": 100.0, "percent_covered_display": "100", "missing_lines": 0, "excluded_lines": 0, "percent_statements_covered": 100.0, "percent_statements_covered_display": "100"}, "missing_lines": [], "excluded_lines": [], "start_line": 249}, "AdaptiveRetry.__init__": {"executed_lines": [288, 289, 290], "summary": {"covered_lines": 3, "num_statements": 3, "percent_covered": 100.0, "percent_covered_display": "100", "missing_lines": 0, "excluded_lines": 0, "percent_statements_covered": 100.0, "percent_statements_covered_display": "100"}, "missing_lines": [], "excluded_lines": [], "start_line": 274}, "AdaptiveRetry.get_strategy": {"executed_lines": [294], "summary": {"covered_lines": 1, "num_statements": 1, "percent_covered": 100.0, "percent_covered_display": "100", "missing_lines": 0, "excluded_lines": 0, "percent_statements_covered": 100.0, "percent_statements_covered_display": "100"}, "missing_lines": [], "excluded_lines": [], "start_line": 292}, "AdaptiveRetry.execute": {"executed_lines": [314, 315, 317, 318, 319, 320, 321, 322, 323, 326, 328, 329, 330, 337, 338, 339, 340, 347, 348, 355, 358, 359, 360, 362, 365, 366, 372, 376, 377, 379, 380], "summary": {"covered_lines": 31, "num_statements": 32, "percent_covered": 96.875, "percent_covered_display": "97", "missing_lines": 1, "excluded_lines": 0, "percent_statements_covered": 96.875, "percent_statements_covered_display": "97"}, "missing_lines": [368], "excluded_lines": [], "start_line": 296}, "AdaptiveRetry.wrap": {"executed_lines": [], "summary": {"covered_lines": 0, "num_statements": 2, "percent_covered": 0.0, "percent_covered_display": "0", "missing_lines": 2, "excluded_lines": 0, "percent_statements_covered": 0.0, "percent_statements_covered_display": "0"}, "missing_lines": [395, 404], "excluded_lines": [], "start_line": 382}, "AdaptiveRetry.wrap.decorator": {"executed_lines": [], "summary": {"covered_lines": 0, "num_statements": 2, "percent_covered": 0.0, "percent_covered_display": "0", "missing_lines": 2, "excluded_lines": 0, "percent_statements_covered": 0.0, "percent_statements_covered_display": "0"}, "missing_lines": [396, 402], "excluded_lines": [], "start_line": 395}, "AdaptiveRetry.wrap.decorator.wrapper": {"executed_lines": [], "summary": {"covered_lines": 0, "num_statements": 1, "percent_covered": 0.0, "percent_covered_display": "0", "missing_lines": 1, "excluded_lines": 0, "percent_statements_covered": 0.0, "percent_statements_covered_display": "0"}, "missing_lines": [397], "excluded_lines": [], "start_line": 396}, "with_retry": {"executed_lines": [426, 436], "summary": {"covered_lines": 2, "num_statements": 2, "percent_covered": 100.0, "percent_covered_display": "100", "missing_lines": 0, "excluded_lines": 0, "percent_statements_covered": 100.0, "percent_statements_covered_display": "100"}, "missing_lines": [], "excluded_lines": [], "start_line": 408}, "": {"executed_lines": [7, 9, 10, 11, 12, 13, 14, 15, 16, 17, 18, 20, 22, 25, 28, 29, 30, 31, 32, 33, 34, 37, 38, 41, 42, 43, 44, 45, 46, 48, 61, 85, 140, 143, 144, 149, 155, 162, 163, 166, 228, 229, 232, 233, 234, 235, 236, 238, 244, 248, 249, 254, 274, 292, 296, 382, 408], "summary": {"covered_lines": 57, "num_statements": 57, "percent_covered": 100.0, "percent_covered_display": "100", "missing_lines": 0, "excluded_lines": 0, "percent_statements_covered": 100.0, "percent_statements_covered_display": "100"}, "missing_lines": [], "excluded_lines": [], "start_line": 1}}, "classes": {"ErrorCategory": {"executed_lines": [], "summary": {"covered_lines": 0, "num_statements": 0, "percent_covered": 100.0, "percent_covered_display": "100", "missing_lines": 0, "excluded_lines": 0, "percent_statements_covered": 100.0, "percent_statements_covered_display": "100"}, "missing_lines": [], "excluded_lines": [], "start_line": 25}, "BackoffStrategy": {"executed_lines": [50, 51, 52, 53, 54, 55, 56, 57, 58, 59, 71, 74, 77, 78, 79, 81], "summary": {"covered_lines": 16, "num_statements": 16, "percent_covered": 100.0, "percent_covered_display": "100", "missing_lines": 0, "excluded_lines": 0, "percent_statements_covered": 100.0, "percent_statements_covered_display": "100"}, "missing_lines": [], "excluded_lines": [], "start_line": 38}, "RetryState": {"executed_lines": [240, 241, 242, 246, 251], "summary": {"covered_lines": 5, "num_statements": 5, "percent_covered": 100.0, "percent_covered_display": "100", "missing_lines": 0, "excluded_lines": 0, "percent_statements_covered": 100.0, "percent_statements_covered_display": "100"}, "missing_lines": [], "excluded_lines": [], "start_line": 229}, "AdaptiveRetry": {"executed_lines": [288, 289, 290, 294, 314, 315, 317, 318, 319, 320, 321, 322, 323, 326, 328, 329, 330, 337, 338, 339, 340, 347, 348, 355, 358, 359, 360, 362, 365, 366, 372, 376, 377, 379, 380], "summary": {"covered_lines": 35, "num_statements": 41, "percent_covered": 85.36585365853658, "percent_covered_display": "85", "missing_lines": 6, "excluded_lines": 0, "percent_statements_covered": 85.36585365853658, "percent_statements_covered_display": "85"}, "missing_lines": [368, 395, 396, 397, 402, 404], "excluded_lines": [], "start_line": 254}, "": {"executed_lines": [7, 9, 10, 11, 12, 13, 14, 15, 16, 17, 18, 20, 22, 25, 28, 29, 30, 31, 32, 33, 34, 37, 38, 41, 42, 43, 44, 45, 46, 48, 61, 85, 140, 143, 144, 149, 155, 162, 163, 166, 180, 181, 184, 185, 186, 187, 188, 189, 190, 191, 192, 193, 195, 196, 199, 200, 201, 205, 206, 209, 210, 213, 214, 217, 218, 221, 222, 225, 228, 229, 232, 233, 234, 235, 236, 238, 244, 248, 249, 254, 274, 292, 296, 382, 408, 426, 436], "summary": {"covered_lines": 87, "num_statements": 88, "percent_covered": 98.86363636363636, "percent_covered_display": "99", "missing_lines": 1, "excluded_lines": 0, "percent_statements_covered": 98.86363636363636, "percent_statements_covered_display": "99"}, "missing_lines": [202], "excluded_lines": [], "start_line": 1}}}, "src/copex/cache.py": {"executed_lines": [10, 12, 13, 14, 15, 16, 17, 18, 20, 23, 26, 27, 30, 31, 32, 33, 34, 36, 38, 39, 40, 42, 44, 46, 47, 49, 52, 67, 83, 84, 85, 86, 89, 90, 93, 94, 96, 98, 99, 101, 102, 103, 104, 105, 106, 107, 108, 109, 110, 111, 113, 115, 118, 119, 120, 121, 122, 126, 142, 145, 148, 149, 150, 153, 154, 155, 156, 157, 158, 160, 162, 164, 173, 174, 176, 177, 178, 180, 181, 182, 184, 185, 187, 206, 207, 216, 219, 220, 222, 230, 231, 233, 234, 236, 245, 246, 247, 248, 249, 251, 257, 258, 259, 260, 262, 264, 265, 268, 273, 274, 275, 277, 283, 284, 296, 299, 311, 312, 320, 327, 329], "summary": {"covered_lines": 121, "num_statements": 128, "percent_covered": 94.53125, "percent_covered_display": "95", "missing_lines": 7, "excluded_lines": 0, "percent_statements_covered": 94.53125, "percent_statements_covered_display": "95"}, "missing_lines": [116, 123, 124, 314, 315, 317, 328], "excluded_lines": [], "functions": {"CacheEntry.is_expired": {"executed_lines": [38, 39, 40], "summary": {"covered_lines": 3, "num_statements": 3, "percent_covered": 100.0, "percent_covered_display": "100", "missing_lines": 0, "excluded_lines": 0, "percent_statements_covered": 100.0, "percent_statements_covered_display": "100"}, "missing_lines": [], "excluded_lines": [], "start_line": 36}, "CacheEntry.to_dict": {"executed_lines": [44], "summary": {"covered_lines": 1, "num_statements": 1, "percent_covered": 100.0, "percent_covered_display": "100", "missing_lines": 0, "excluded_lines": 0, "percent_statements_covered": 100.0, "percent_statements_covered_display": "100"}, "missing_lines": [], "excluded_lines": [], "start_line": 42}, "CacheEntry.from_dict": {"executed_lines": [49], "summary": {"covered_lines": 1, "num_statements": 1, "percent_covered": 100.0, "percent_covered_display": "100", "missing_lines": 0, "excluded_lines": 0, "percent_statements_covered": 100.0, "percent_statements_covered_display": "100"}, "missing_lines": [], "excluded_lines": [], "start_line": 47}, "StepCache.__init__": {"executed_lines": [83, 84, 85, 86, 89, 90, 93, 94], "summary": {"covered_lines": 8, "num_statements": 8, "percent_covered": 100.0, "percent_covered_display": "100", "missing_lines": 0, "excluded_lines": 0, "percent_statements_covered": 100.0, "percent_statements_covered_display": "100"}, "missing_lines": [], "excluded_lines": [], "start_line": 67}, "StepCache._load_index": {"executed_lines": [98, 99, 101, 102, 103, 104, 105, 106, 107, 108, 109, 110, 111], "summary": {"covered_lines": 13, "num_statements": 13, "percent_covered": 100.0, "percent_covered_display": "100", "missing_lines": 0, "excluded_lines": 0, "percent_statements_covered": 100.0, "percent_statements_covered_display": "100"}, "missing_lines": [], "excluded_lines": [], "start_line": 96}, "StepCache._save_index": {"executed_lines": [115, 118, 119, 120, 121, 122], "summary": {"covered_lines": 6, "num_statements": 9, "percent_covered": 66.66666666666667, "percent_covered_display": "67", "missing_lines": 3, "excluded_lines": 0, "percent_statements_covered": 66.66666666666667, "percent_statements_covered_display": "67"}, "missing_lines": [116, 123, 124], "excluded_lines": [], "start_line": 113}, "StepCache.compute_hash": {"executed_lines": [142, 145, 148, 149, 150, 153, 154, 155, 156, 157, 158, 160, 162], "summary": {"covered_lines": 13, "num_statements": 13, "percent_covered": 100.0, "percent_covered_display": "100", "missing_lines": 0, "excluded_lines": 0, "percent_statements_covered": 100.0, "percent_statements_covered_display": "100"}, "missing_lines": [], "excluded_lines": [], "start_line": 126}, "StepCache.get": {"executed_lines": [173, 174, 176, 177, 178, 180, 181, 182, 184, 185], "summary": {"covered_lines": 10, "num_statements": 10, "percent_covered": 100.0, "percent_covered_display": "100", "missing_lines": 0, "excluded_lines": 0, "percent_statements_covered": 100.0, "percent_statements_covered_display": "100"}, "missing_lines": [], "excluded_lines": [], "start_line": 164}, "StepCache.set": {"executed_lines": [206, 207, 216, 219, 220, 222, 230, 231, 233, 234], "summary": {"covered_lines": 10, "num_statements": 10, "percent_covered": 100.0, "percent_covered_display": "100", "missing_lines": 0, "excluded_lines": 0, "percent_statements_covered": 100.0, "percent_statements_covered_display": "100"}, "missing_lines": [], "excluded_lines": [], "start_line": 187}, "StepCache.delete": {"executed_lines": [245, 246, 247, 248, 249], "summary": {"covered_lines": 5, "num_statements": 5, "percent_covered": 100.0, "percent_covered_display": "100", "missing_lines": 0, "excluded_lines": 0, "percent_statements_covered": 100.0, "percent_statements_covered_display": "100"}, "missing_lines": [], "excluded_lines": [], "start_line": 236}, "StepCache.clear": {"executed_lines": [257, 258, 259, 260], "summary": {"covered_lines": 4, "num_statements": 4, "percent_covered": 100.0, "percent_covered_display": "100", "missing_lines": 0, "excluded_lines": 0, "percent_statements_covered": 100.0, "percent_statements_covered_display": "100"}, "missing_lines": [], "excluded_lines": [], "start_line": 251}, "StepCache._enforce_max_entries": {"executed_lines": [264, 265, 268, 273, 274, 275], "summary": {"covered_lines": 6, "num_statements": 6, "percent_covered": 100.0, "percent_covered_display": "100", "missing_lines": 0, "excluded_lines": 0, "percent_statements_covered": 100.0, "percent_statements_covered_display": "100"}, "missing_lines": [], "excluded_lines": [], "start_line": 262}, "StepCache.stats": {"executed_lines": [283, 284], "summary": {"covered_lines": 2, "num_statements": 2, "percent_covered": 100.0, "percent_covered_display": "100", "missing_lines": 0, "excluded_lines": 0, "percent_statements_covered": 100.0, "percent_statements_covered_display": "100"}, "missing_lines": [], "excluded_lines": [], "start_line": 277}, "get_cache": {"executed_lines": [311, 312], "summary": {"covered_lines": 2, "num_statements": 5, "percent_covered": 40.0, "percent_covered_display": "40", "missing_lines": 3, "excluded_lines": 0, "percent_statements_covered": 40.0, "percent_statements_covered_display": "40"}, "missing_lines": [314, 315, 317], "excluded_lines": [], "start_line": 299}, "clear_global_cache": {"executed_lines": [327, 329], "summary": {"covered_lines": 2, "num_statements": 3, "percent_covered": 66.66666666666667, "percent_covered_display": "67", "missing_lines": 1, "excluded_lines": 0, "percent_statements_covered": 66.66666666666667, "percent_statements_covered_display": "67"}, "missing_lines": [328], "excluded_lines": [], "start_line": 320}, "": {"executed_lines": [10, 12, 13, 14, 15, 16, 17, 18, 20, 23, 26, 27, 30, 31, 32, 33, 34, 36, 42, 46, 47, 52, 67, 96, 113, 126, 164, 187, 236, 251, 262, 277, 296, 299, 320], "summary": {"covered_lines": 35, "num_statements": 35, "percent_covered": 100.0, "percent_covered_display": "100", "missing_lines": 0, "excluded_lines": 0, "percent_statements_covered": 100.0, "percent_statements_covered_display": "100"}, "missing_lines": [], "excluded_lines": [], "start_line": 1}}, "classes": {"CacheEntry": {"executed_lines": [38, 39, 40, 44, 49], "summary": {"covered_lines": 5, "num_statements": 5, "percent_covered": 100.0, "percent_covered_display": "100", "missing_lines": 0, "excluded_lines": 0, "percent_statements_covered": 100.0, "percent_statements_covered_display": "100"}, "missing_lines": [], "excluded_lines": [], "start_line": 27}, "StepCache": {"executed_lines": [83, 84, 85, 86, 89, 90, 93, 94, 98, 99, 101, 102, 103, 104, 105, 106, 107, 108, 109, 110, 111, 115, 118, 119, 120, 121, 122, 142, 145, 148, 149, 150, 153, 154, 155, 156, 157, 158, 160, 162, 173, 174, 176, 177, 178, 180, 181, 182, 184, 185, 206, 207, 216, 219, 220, 222, 230, 231, 233, 234, 245, 246, 247, 248, 249, 257, 258, 259, 260, 264, 265, 268, 273, 274, 275, 283, 284], "summary": {"covered_lines": 77, "num_statements": 80, "percent_covered": 96.25, "percent_covered_display": "96", "missing_lines": 3, "excluded_lines": 0, "percent_statements_covered": 96.25, "percent_statements_covered_display": "96"}, "missing_lines": [116, 123, 124], "excluded_lines": [], "start_line": 52}, "": {"executed_lines": [10, 12, 13, 14, 15, 16, 17, 18, 20, 23, 26, 27, 30, 31, 32, 33, 34, 36, 42, 46, 47, 52, 67, 96, 113, 126, 164, 187, 236, 251, 262, 277, 296, 299, 311, 312, 320, 327, 329], "summary": {"covered_lines": 39, "num_statements": 43, "percent_covered": 90.69767441860465, "percent_covered_display": "91", "missing_lines": 4, "excluded_lines": 0, "percent_statements_covered": 90.69767441860465, "percent_statements_covered_display": "91"}, "missing_lines": [314, 315, 317, 328], "excluded_lines": [], "start_line": 1}}}, "src/copex/campaign.py": {"executed_lines": [], "summary": {"covered_lines": 0, "num_statements": 93, "percent_covered": 0.0, "percent_covered_display": "0", "missing_lines": 93, "excluded_lines": 0, "percent_statements_covered": 0.0, "percent_statements_covered_display": "0"}, "missing_lines": [20, 22, 23, 24, 25, 26, 27, 28, 29, 31, 33, 36, 37, 40, 41, 42, 43, 44, 45, 48, 49, 52, 53, 54, 55, 56, 57, 58, 59, 62, 63, 66, 67, 68, 69, 70, 71, 72, 73, 74, 76, 77, 101, 102, 103, 104, 105, 117, 130, 132, 133, 134, 135, 136, 139, 141, 142, 143, 144, 145, 146, 147, 148, 149, 152, 165, 166, 174, 175, 177, 178, 179, 183, 184, 185, 188, 190, 191, 192, 195, 205, 206, 207, 208, 214, 220, 223, 225, 232, 239, 240, 245, 253], "excluded_lines": [], "functions": {"CampaignState.to_dict": {"executed_lines": [], "summary": {"covered_lines": 0, "num_statements": 1, "percent_covered": 0.0, "percent_covered_display": "0", "missing_lines": 1, "excluded_lines": 0, "percent_statements_covered": 0.0, "percent_statements_covered_display": "0"}, "missing_lines": [77], "excluded_lines": [], "start_line": 76}, "CampaignState.from_dict": {"executed_lines": [], "summary": {"covered_lines": 0, "num_statements": 4, "percent_covered": 0.0, "percent_covered_display": "0", "missing_lines": 4, "excluded_lines": 0, "percent_statements_covered": 0.0, "percent_statements_covered_display": "0"}, "missing_lines": [103, 104, 105, 117], "excluded_lines": [], "start_line": 102}, "save_campaign_state": {"executed_lines": [], "summary": {"covered_lines": 0, "num_statements": 5, "percent_covered": 0.0, "percent_covered_display": "0", "missing_lines": 5, "excluded_lines": 0, "percent_statements_covered": 0.0, "percent_statements_covered_display": "0"}, "missing_lines": [132, 133, 134, 135, 136], "excluded_lines": [], "start_line": 130}, "load_campaign_state": {"executed_lines": [], "summary": {"covered_lines": 0, "num_statements": 9, "percent_covered": 0.0, "percent_covered_display": "0", "missing_lines": 9, "excluded_lines": 0, "percent_statements_covered": 0.0, "percent_statements_covered_display": "0"}, "missing_lines": [141, 142, 143, 144, 145, 146, 147, 148, 149], "excluded_lines": [], "start_line": 139}, "run_discover_command": {"executed_lines": [], "summary": {"covered_lines": 0, "num_statements": 10, "percent_covered": 0.0, "percent_covered_display": "0", "missing_lines": 10, "excluded_lines": 0, "percent_statements_covered": 0.0, "percent_statements_covered_display": "0"}, "missing_lines": [165, 166, 174, 175, 177, 178, 179, 183, 184, 185], "excluded_lines": [], "start_line": 152}, "batch_targets": {"executed_lines": [], "summary": {"covered_lines": 0, "num_statements": 3, "percent_covered": 0.0, "percent_covered_display": "0", "missing_lines": 3, "excluded_lines": 0, "percent_statements_covered": 0.0, "percent_statements_covered_display": "0"}, "missing_lines": [190, 191, 192], "excluded_lines": [], "start_line": 188}, "generate_wave_tasks": {"executed_lines": [], "summary": {"covered_lines": 0, "num_statements": 6, "percent_covered": 0.0, "percent_covered_display": "0", "missing_lines": 6, "excluded_lines": 0, "percent_statements_covered": 0.0, "percent_statements_covered_display": "0"}, "missing_lines": [205, 206, 207, 208, 214, 220], "excluded_lines": [], "start_line": 195}, "get_pending_wave_indices": {"executed_lines": [], "summary": {"covered_lines": 0, "num_statements": 1, "percent_covered": 0.0, "percent_covered_display": "0", "missing_lines": 1, "excluded_lines": 0, "percent_statements_covered": 0.0, "percent_statements_covered_display": "0"}, "missing_lines": [225], "excluded_lines": [], "start_line": 223}, "create_campaign": {"executed_lines": [], "summary": {"covered_lines": 0, "num_statements": 4, "percent_covered": 0.0, "percent_covered_display": "0", "missing_lines": 4, "excluded_lines": 0, "percent_statements_covered": 0.0, "percent_statements_covered_display": "0"}, "missing_lines": [239, 240, 245, 253], "excluded_lines": [], "start_line": 232}, "": {"executed_lines": [], "summary": {"covered_lines": 0, "num_statements": 50, "percent_covered": 0.0, "percent_covered_display": "0", "missing_lines": 50, "excluded_lines": 0, "percent_statements_covered": 0.0, "percent_statements_covered_display": "0"}, "missing_lines": [20, 22, 23, 24, 25, 26, 27, 28, 29, 31, 33, 36, 37, 40, 41, 42, 43, 44, 45, 48, 49, 52, 53, 54, 55, 56, 57, 58, 59, 62, 63, 66, 67, 68, 69, 70, 71, 72, 73, 74, 76, 101, 102, 130, 139, 152, 188, 195, 223, 232], "excluded_lines": [], "start_line": 1}}, "classes": {"WaveStatus": {"executed_lines": [], "summary": {"covered_lines": 0, "num_statements": 0, "percent_covered": 100.0, "percent_covered_display": "100", "missing_lines": 0, "excluded_lines": 0, "percent_statements_covered": 100.0, "percent_statements_covered_display": "100"}, "missing_lines": [], "excluded_lines": [], "start_line": 40}, "WaveResult": {"executed_lines": [], "summary": {"covered_lines": 0, "num_statements": 0, "percent_covered": 100.0, "percent_covered_display": "100", "missing_lines": 0, "excluded_lines": 0, "percent_statements_covered": 100.0, "percent_statements_covered_display": "100"}, "missing_lines": [], "excluded_lines": [], "start_line": 49}, "CampaignState": {"executed_lines": [], "summary": {"covered_lines": 0, "num_statements": 5, "percent_covered": 0.0, "percent_covered_display": "0", "missing_lines": 5, "excluded_lines": 0, "percent_statements_covered": 0.0, "percent_statements_covered_display": "0"}, "missing_lines": [77, 103, 104, 105, 117], "excluded_lines": [], "start_line": 63}, "": {"executed_lines": [], "summary": {"covered_lines": 0, "num_statements": 88, "percent_covered": 0.0, "percent_covered_display": "0", "missing_lines": 88, "excluded_lines": 0, "percent_statements_covered": 0.0, "percent_statements_covered_display": "0"}, "missing_lines": [20, 22, 23, 24, 25, 26, 27, 28, 29, 31, 33, 36, 37, 40, 41, 42, 43, 44, 45, 48, 49, 52, 53, 54, 55, 56, 57, 58, 59, 62, 63, 66, 67, 68, 69, 70, 71, 72, 73, 74, 76, 101, 102, 130, 132, 133, 134, 135, 136, 139, 141, 142, 143, 144, 145, 146, 147, 148, 149, 152, 165, 166, 174, 175, 177, 178, 179, 183, 184, 185, 188, 190, 191, 192, 195, 205, 206, 207, 208, 214, 220, 223, 225, 232, 239, 240, 245, 253], "excluded_lines": [], "start_line": 1}}}, "src/copex/checkpoint.py": {"executed_lines": [10, 12, 13, 14, 15, 16, 19, 20, 24, 25, 28, 29, 30, 31, 34, 35, 36, 39, 42, 43, 46, 47, 48, 50, 52, 54, 55, 57, 60, 77, 84, 86, 87, 89, 91, 92, 94, 119, 120, 122, 137, 138, 140, 142, 143, 144, 146, 161, 162, 163, 165, 167, 168, 169, 170, 171, 172, 173, 174, 175, 176, 178, 179, 181, 183, 184, 185, 187, 188, 190, 192, 202, 203, 204, 207, 208, 210, 220, 221, 222, 223, 224, 226, 227, 229, 230, 232, 233, 234, 237, 238, 240, 242, 243, 244, 245, 246, 248, 260, 261, 262, 263, 265, 266, 267, 269, 270, 272, 275, 276, 277, 279, 281, 291, 292, 293, 294, 295, 297, 298, 300, 312, 313, 316, 317, 320, 340, 354, 355, 356, 357, 359, 379, 382, 383, 384, 385, 386, 388, 389, 391, 394, 395, 400, 406, 416, 420, 423, 424, 425, 431, 432, 441, 450], "summary": {"covered_lines": 154, "num_statements": 156, "percent_covered": 98.71794871794872, "percent_covered_display": "99", "missing_lines": 2, "excluded_lines": 0, "percent_statements_covered": 98.71794871794872, "percent_statements_covered_display": "99"}, "missing_lines": [85, 264], "excluded_lines": [], "functions": {"Checkpoint.to_dict": {"executed_lines": [52], "summary": {"covered_lines": 1, "num_statements": 1, "percent_covered": 100.0, "percent_covered_display": "100", "missing_lines": 0, "excluded_lines": 0, "percent_statements_covered": 100.0, "percent_statements_covered_display": "100"}, "missing_lines": [], "excluded_lines": [], "start_line": 50}, "Checkpoint.from_dict": {"executed_lines": [57], "summary": {"covered_lines": 1, "num_statements": 1, "percent_covered": 100.0, "percent_covered_display": "100", "missing_lines": 0, "excluded_lines": 0, "percent_statements_covered": 100.0, "percent_statements_covered_display": "100"}, "missing_lines": [], "excluded_lines": [], "start_line": 55}, "CheckpointStore.__init__": {"executed_lines": [84, 86, 87], "summary": {"covered_lines": 3, "num_statements": 4, "percent_covered": 75.0, "percent_covered_display": "75", "missing_lines": 1, "excluded_lines": 0, "percent_statements_covered": 75.0, "percent_statements_covered_display": "75"}, "missing_lines": [85], "excluded_lines": [], "start_line": 77}, "CheckpointStore._checkpoint_path": {"executed_lines": [91, 92], "summary": {"covered_lines": 2, "num_statements": 2, "percent_covered": 100.0, "percent_covered_display": "100", "missing_lines": 0, "excluded_lines": 0, "percent_statements_covered": 100.0, "percent_statements_covered_display": "100"}, "missing_lines": [], "excluded_lines": [], "start_line": 89}, "CheckpointStore.create": {"executed_lines": [119, 120, 122, 137, 138], "summary": {"covered_lines": 5, "num_statements": 5, "percent_covered": 100.0, "percent_covered_display": "100", "missing_lines": 0, "excluded_lines": 0, "percent_statements_covered": 100.0, "percent_statements_covered_display": "100"}, "missing_lines": [], "excluded_lines": [], "start_line": 94}, "CheckpointStore._save": {"executed_lines": [142, 143, 144], "summary": {"covered_lines": 3, "num_statements": 3, "percent_covered": 100.0, "percent_covered_display": "100", "missing_lines": 0, "excluded_lines": 0, "percent_statements_covered": 100.0, "percent_statements_covered_display": "100"}, "missing_lines": [], "excluded_lines": [], "start_line": 140}, "CheckpointStore.update": {"executed_lines": [161, 162, 163, 165, 167, 168, 169, 170, 171, 172, 173, 174, 175, 176, 178, 179], "summary": {"covered_lines": 16, "num_statements": 16, "percent_covered": 100.0, "percent_covered_display": "100", "missing_lines": 0, "excluded_lines": 0, "percent_statements_covered": 100.0, "percent_statements_covered_display": "100"}, "missing_lines": [], "excluded_lines": [], "start_line": 146}, "CheckpointStore.load": {"executed_lines": [183, 184, 185, 187, 188, 190], "summary": {"covered_lines": 6, "num_statements": 6, "percent_covered": 100.0, "percent_covered_display": "100", "missing_lines": 0, "excluded_lines": 0, "percent_statements_covered": 100.0, "percent_statements_covered_display": "100"}, "missing_lines": [], "excluded_lines": [], "start_line": 181}, "CheckpointStore.get_latest": {"executed_lines": [202, 203, 204, 207, 208], "summary": {"covered_lines": 5, "num_statements": 5, "percent_covered": 100.0, "percent_covered_display": "100", "missing_lines": 0, "excluded_lines": 0, "percent_statements_covered": 100.0, "percent_statements_covered_display": "100"}, "missing_lines": [], "excluded_lines": [], "start_line": 192}, "CheckpointStore.get_incomplete": {"executed_lines": [220, 221, 222, 223, 224, 226, 227, 229, 230, 232, 233, 234, 237, 238], "summary": {"covered_lines": 14, "num_statements": 14, "percent_covered": 100.0, "percent_covered_display": "100", "missing_lines": 0, "excluded_lines": 0, "percent_statements_covered": 100.0, "percent_statements_covered_display": "100"}, "missing_lines": [], "excluded_lines": [], "start_line": 210}, "CheckpointStore.delete": {"executed_lines": [242, 243, 244, 245, 246], "summary": {"covered_lines": 5, "num_statements": 5, "percent_covered": 100.0, "percent_covered_display": "100", "missing_lines": 0, "excluded_lines": 0, "percent_statements_covered": 100.0, "percent_statements_covered_display": "100"}, "missing_lines": [], "excluded_lines": [], "start_line": 240}, "CheckpointStore.cleanup": {"executed_lines": [260, 261, 262, 263, 265, 266, 267, 269, 270, 272, 275, 276, 277, 279], "summary": {"covered_lines": 14, "num_statements": 15, "percent_covered": 93.33333333333333, "percent_covered_display": "93", "missing_lines": 1, "excluded_lines": 0, "percent_statements_covered": 93.33333333333333, "percent_statements_covered_display": "93"}, "missing_lines": [264], "excluded_lines": [], "start_line": 248}, "CheckpointStore.list_checkpoints": {"executed_lines": [291, 292, 293, 294, 295, 297, 298, 300, 312, 313, 316, 317], "summary": {"covered_lines": 12, "num_statements": 12, "percent_covered": 100.0, "percent_covered_display": "100", "missing_lines": 0, "excluded_lines": 0, "percent_statements_covered": 100.0, "percent_statements_covered_display": "100"}, "missing_lines": [], "excluded_lines": [], "start_line": 281}, "CheckpointedRalph.__init__": {"executed_lines": [354, 355, 356, 357], "summary": {"covered_lines": 4, "num_statements": 4, "percent_covered": 100.0, "percent_covered_display": "100", "missing_lines": 0, "excluded_lines": 0, "percent_statements_covered": 100.0, "percent_statements_covered_display": "100"}, "missing_lines": [], "excluded_lines": [], "start_line": 340}, "CheckpointedRalph.loop": {"executed_lines": [379, 382, 383, 384, 385, 386, 388, 389, 391, 394, 395, 400, 406, 416, 420, 423, 431, 441, 450], "summary": {"covered_lines": 19, "num_statements": 19, "percent_covered": 100.0, "perce
[...]
6, 1117, 1118, 1119, 1120, 1121, 1123, 1124, 1129, 1134, 1135, 1137, 1138, 1141, 1142, 1143, 1144, 1145, 1146, 1147, 1148, 1150, 1151, 1157, 1168, 1170, 1171, 1172, 1173, 1175, 1176, 1182, 1193, 1195, 1198, 1200, 1208, 1210, 1211, 1212, 1213, 1214, 1215, 1216, 1217, 1218, 1221, 1243, 1244, 1245, 1247, 1248, 1249, 1250, 1253, 1260, 1266, 1270, 1323, 1365, 1411, 1418, 1424, 1428, 1470, 1512, 1536, 1567, 1589], "summary": {"covered_lines": 233, "num_statements": 273, "percent_covered": 85.34798534798534, "percent_covered_display": "85", "missing_lines": 40, "excluded_lines": 0, "percent_statements_covered": 85.34798534798534, "percent_statements_covered_display": "85"}, "missing_lines": [994, 995, 1010, 1015, 1016, 1019, 1020, 1022, 1023, 1024, 1029, 1041, 1051, 1053, 1054, 1055, 1057, 1058, 1059, 1060, 1061, 1062, 1063, 1064, 1065, 1066, 1067, 1069, 1076, 1077, 1079, 1080, 1081, 1082, 1083, 1085, 1093, 1136, 1139, 1177], "excluded_lines": [], "start_line": 1}}}, "src/copex/visualization.py": {"executed_lines": [7, 9, 10, 12, 15, 18, 19, 20, 21, 22, 23, 25, 26, 27, 28, 31, 32, 35, 36, 39, 40, 43, 44, 45, 48, 68, 134, 148, 176, 269, 348, 391, 450, 463, 487, 494, 500, 506], "summary": {"covered_lines": 38, "num_statements": 276, "percent_covered": 13.768115942028986, "percent_covered_display": "14", "missing_lines": 238, "excluded_lines": 0, "percent_statements_covered": 13.768115942028986, "percent_statements_covered_display": "14"}, "missing_lines": [54, 56, 58, 59, 60, 62, 63, 65, 81, 82, 84, 85, 88, 89, 90, 93, 95, 96, 97, 98, 100, 101, 103, 104, 106, 108, 109, 111, 112, 115, 116, 117, 120, 121, 122, 123, 131, 136, 137, 142, 143, 144, 145, 166, 167, 168, 169, 170, 171, 173, 178, 179, 181, 182, 185, 186, 187, 190, 191, 192, 193, 194, 195, 198, 199, 200, 201, 204, 205, 206, 207, 208, 209, 211, 213, 215, 218, 219, 220, 222, 223, 226, 227, 228, 229, 230, 235, 236, 237, 238, 239, 240, 243, 244, 245, 246, 251, 252, 253, 254, 255, 256, 257, 258, 261, 264, 266, 271, 272, 274, 275, 278, 279, 280, 281, 284, 285, 286, 287, 288, 291, 292, 293, 294, 297, 298, 299, 300, 301, 304, 307, 310, 311, 312, 315, 316, 317, 320, 321, 322, 325, 327, 330, 331, 333, 336, 337, 338, 341, 342, 343, 345, 350, 351, 353, 354, 355, 356, 357, 360, 363, 364, 365, 366, 367, 371, 374, 375, 376, 379, 380, 381, 382, 383, 384, 385, 387, 388, 401, 402, 404, 405, 406, 407, 409, 410, 411, 412, 413, 414, 415, 416, 418, 420, 421, 424, 425, 426, 427, 428, 429, 432, 433, 436, 437, 438, 440, 443, 444, 445, 447, 460, 472, 473, 475, 476, 478, 479, 480, 481, 482, 484, 489, 490, 491, 497, 502, 524, 525, 526, 527, 528, 529, 530, 531, 534, 535, 537], "excluded_lines": [], "functions": {"StatusIndicator.__init__": {"executed_lines": [26, 27, 28], "summary": {"covered_lines": 3, "num_statements": 3, "percent_covered": 100.0, "percent_covered_display": "100", "missing_lines": 0, "excluded_lines": 0, "percent_statements_covered": 100.0, "percent_statements_covered_display": "100"}, "missing_lines": [], "excluded_lines": [], "start_line": 25}, "analyze_dependencies": {"executed_lines": [], "summary": {"covered_lines": 0, "num_statements": 8, "percent_covered": 0.0, "percent_covered_display": "0", "missing_lines": 8, "excluded_lines": 0, "percent_statements_covered": 0.0, "percent_statements_covered_display": "0"}, "missing_lines": [54, 56, 58, 59, 60, 62, 63, 65], "excluded_lines": [], "start_line": 48}, "find_parallel_groups": {"executed_lines": [], "summary": {"covered_lines": 0, "num_statements": 19, "percent_covered": 0.0, "percent_covered_display": "0", "missing_lines": 19, "excluded_lines": 0, "percent_statements_covered": 0.0, "percent_statements_covered_display": "0"}, "missing_lines": [81, 82, 84, 85, 88, 89, 90, 93, 95, 111, 112, 115, 116, 117, 120, 121, 122, 123, 131], "excluded_lines": [], "start_line": 68}, "find_parallel_groups.calc_level": {"executed_lines": [], "summary": {"covered_lines": 0, "num_statements": 10, "percent_covered": 0.0, "percent_covered_display": "0", "missing_lines": 10, "excluded_lines": 0, "percent_statements_covered": 0.0, "percent_statements_covered_display": "0"}, "missing_lines": [96, 97, 98, 100, 101, 103, 104, 106, 108, 109], "excluded_lines": [], "start_line": 95}, "_get_status_indicator": {"executed_lines": [], "summary": {"covered_lines": 0, "num_statements": 6, "percent_covered": 0.0, "percent_covered_display": "0", "missing_lines": 6, "excluded_lines": 0, "percent_statements_covered": 0.0, "percent_statements_covered_display": "0"}, "missing_lines": [136, 137, 142, 143, 144, 145], "excluded_lines": [], "start_line": 134}, "render_dag_with_status": {"executed_lines": [], "summary": {"covered_lines": 0, "num_statements": 7, "percent_covered": 0.0, "percent_covered_display": "0", "missing_lines": 7, "excluded_lines": 0, "percent_statements_covered": 0.0, "percent_statements_covered_display": "0"}, "missing_lines": [166, 167, 168, 169, 170, 171, 173], "excluded_lines": [], "start_line": 148}, "_render_dag_mermaid": {"executed_lines": [], "summary": {"covered_lines": 0, "num_statements": 57, "percent_covered": 0.0, "percent_covered_display": "0", "missing_lines": 57, "excluded_lines": 0, "percent_statements_covered": 0.0, "percent_statements_covered_display": "0"}, "missing_lines": [178, 179, 181, 182, 185, 186, 187, 190, 191, 192, 193, 194, 195, 198, 199, 200, 201, 204, 205, 206, 207, 208, 209, 211, 213, 215, 218, 219, 220, 222, 223, 226, 227, 228, 229, 230, 235, 236, 237, 238, 239, 240, 243, 244, 245, 246, 251, 252, 253, 254, 255, 256, 257, 258, 261, 264, 266], "excluded_lines": [], "start_line": 176}, "_render_dag_ascii": {"executed_lines": [], "summary": {"covered_lines": 0, "num_statements": 45, "percent_covered": 0.0, "percent_covered_display": "0", "missing_lines": 45, "excluded_lines": 0, "percent_statements_covered": 0.0, "percent_statements_covered_display": "0"}, "missing_lines": [271, 272, 274, 275, 278, 279, 280, 281, 284, 285, 286, 287, 288, 291, 292, 293, 294, 297, 298, 299, 300, 301, 304, 307, 310, 311, 312, 315, 316, 317, 320, 321, 322, 325, 327, 330, 331, 333, 336, 337, 338, 341, 342, 343, 345], "excluded_lines": [], "start_line": 269}, "_render_dag_dot": {"executed_lines": [], "summary": {"covered_lines": 0, "num_statements": 26, "percent_covered": 0.0, "percent_covered_display": "0", "missing_lines": 26, "excluded_lines": 0, "percent_statements_covered": 0.0, "percent_statements_covered_display": "0"}, "missing_lines": [350, 351, 353, 354, 355, 356, 357, 360, 363, 364, 365, 366, 367, 371, 374, 375, 376, 379, 380, 381, 382, 383, 384, 385, 387, 388], "excluded_lines": [], "start_line": 348}, "render_ascii": {"executed_lines": [], "summary": {"covered_lines": 0, "num_statements": 33, "percent_covered": 0.0, "percent_covered_display": "0", "missing_lines": 33, "excluded_lines": 0, "percent_statements_covered": 0.0, "percent_statements_covered_display": "0"}, "missing_lines": [401, 402, 404, 405, 406, 407, 409, 410, 411, 412, 413, 414, 415, 416, 418, 420, 421, 424, 425, 426, 427, 428, 429, 432, 433, 436, 437, 438, 440, 443, 444, 445, 447], "excluded_lines": [], "start_line": 391}, "render_mermaid": {"executed_lines": [], "summary": {"covered_lines": 0, "num_statements": 1, "percent_covered": 0.0, "percent_covered_display": "0", "missing_lines": 1, "excluded_lines": 0, "percent_statements_covered": 0.0, "percent_statements_covered_display": "0"}, "missing_lines": [460], "excluded_lines": [], "start_line": 450}, "render_simple_tree": {"executed_lines": [], "summary": {"covered_lines": 0, "num_statements": 10, "percent_covered": 0.0, "percent_covered_display": "0", "missing_lines": 10, "excluded_lines": 0, "percent_statements_covered": 0.0, "percent_statements_covered_display": "0"}, "missing_lines": [472, 473, 475, 476, 478, 479, 480, 481, 482, 484], "excluded_lines": [], "start_line": 463}, "_truncate": {"executed_lines": [], "summary": {"covered_lines": 0, "num_statements": 3, "percent_covered": 0.0, "percent_covered_display": "0", "missing_lines": 3, "excluded_lines": 0, "percent_statements_covered": 0.0, "percent_statements_covered_display": "0"}, "missing_lines": [489, 490, 491], "excluded_lines": [], "start_line": 487}, "_escape_mermaid": {"executed_lines": [], "summary": {"covered_lines": 0, "num_statements": 1, "percent_covered": 0.0, "percent_covered_display": "0", "missing_lines": 1, "excluded_lines": 0, "percent_statements_covered": 0.0, "percent_statements_covered_display": "0"}, "missing_lines": [497], "excluded_lines": [], "start_line": 494}, "_escape_dot": {"executed_lines": [], "summary": {"covered_lines": 0, "num_statements": 1, "percent_covered": 0.0, "percent_covered_display": "0", "missing_lines": 1, "excluded_lines": 0, "percent_statements_covered": 0.0, "percent_statements_covered_display": "0"}, "missing_lines": [502], "excluded_lines": [], "start_line": 500}, "visualize_plan": {"executed_lines": [], "summary": {"covered_lines": 0, "num_statements": 11, "percent_covered": 0.0, "percent_covered_display": "0", "missing_lines": 11, "excluded_lines": 0, "percent_statements_covered": 0.0, "percent_statements_covered_display": "0"}, "missing_lines": [524, 525, 526, 527, 528, 529, 530, 531, 534, 535, 537], "excluded_lines": [], "start_line": 506}, "": {"executed_lines": [7, 9, 10, 12, 15, 18, 19, 20, 21, 22, 23, 25, 31, 32, 35, 36, 39, 40, 43, 44, 45, 48, 68, 134, 148, 176, 269, 348, 391, 450, 463, 487, 494, 500, 506], "summary": {"covered_lines": 35, "num_statements": 35, "percent_covered": 100.0, "percent_covered_display": "100", "missing_lines": 0, "excluded_lines": 0, "percent_statements_covered": 100.0, "percent_statements_covered_display": "100"}, "missing_lines": [], "excluded_lines": [], "start_line": 1}}, "classes": {"StatusIndicator": {"executed_lines": [26, 27, 28], "summary": {"covered_lines": 3, "num_statements": 3, "percent_covered": 100.0, "percent_covered_display": "100", "missing_lines": 0, "excluded_lines": 0, "percent_statements_covered": 100.0, "percent_statements_covered_display": "100"}, "missing_lines": [], "excluded_lines": [], "start_line": 15}, "DependencyEdge": {"executed_lines": [], "summary": {"covered_lines": 0, "num_statements": 0, "percent_covered": 100.0, "percent_covered_display": "100", "missing_lines": 0, "excluded_lines": 0, "percent_statements_covered": 100.0, "percent_statements_covered_display": "100"}, "missing_lines": [], "excluded_lines": [], "start_line": 32}, "ParallelGroup": {"executed_lines": [], "summary": {"covered_lines": 0, "num_statements": 0, "percent_covered": 100.0, "percent_covered_display": "100", "missing_lines": 0, "excluded_lines": 0, "percent_statements_covered": 100.0, "percent_statements_covered_display": "100"}, "missing_lines": [], "excluded_lines": [], "start_line": 40}, "": {"executed_lines": [7, 9, 10, 12, 15, 18, 19, 20, 21, 22, 23, 25, 31, 32, 35, 36, 39, 40, 43, 44, 45, 48, 68, 134, 148, 176, 269, 348, 391, 450, 463, 487, 494, 500, 506], "summary": {"covered_lines": 35, "num_statements": 273, "percent_covered": 12.820512820512821, "percent_covered_display": "13", "missing_lines": 238, "excluded_lines": 0, "percent_statements_covered": 12.820512820512821, "percent_statements_covered_display": "13"}, "missing_lines": [54, 56, 58, 59, 60, 62, 63, 65, 81, 82, 84, 85, 88, 89, 90, 93, 95, 96, 97, 98, 100, 101, 103, 104, 106, 108, 109, 111, 112, 115, 116, 117, 120, 121, 122, 123, 131, 136, 137, 142, 143, 144, 145, 166, 167, 168, 169, 170, 171, 173, 178, 179, 181, 182, 185, 186, 187, 190, 191, 192, 193, 194, 195, 198, 199, 200, 201, 204, 205, 206, 207, 208, 209, 211, 213, 215, 218, 219, 220, 222, 223, 226, 227, 228, 229, 230, 235, 236, 237, 238, 239, 240, 243, 244, 245, 246, 251, 252, 253, 254, 255, 256, 257, 258, 261, 264, 266, 271, 272, 274, 275, 278, 279, 280, 281, 284, 285, 286, 287, 288, 291, 292, 293, 294, 297, 298, 299, 300, 301, 304, 307, 310, 311, 312, 315, 316, 317, 320, 321, 322, 325, 327, 330, 331, 333, 336, 337, 338, 341, 342, 343, 345, 350, 351, 353, 354, 355, 356, 357, 360, 363, 364, 365, 366, 367, 371, 374, 375, 376, 379, 380, 381, 382, 383, 384, 385, 387, 388, 401, 402, 404, 405, 406, 407, 409, 410, 411, 412, 413, 414, 415, 416, 418, 420, 421, 424, 425, 426, 427, 428, 429, 432, 433, 436, 437, 438, 440, 443, 444, 445, 447, 460, 472, 473, 475, 476, 478, 479, 480, 481, 482, 484, 489, 490, 491, 497, 502, 524, 525, 526, 527, 528, 529, 530, 531, 534, 535, 537], "excluded_lines": [], "start_line": 1}}}, "src/copex/worktree.py": {"executed_lines": [], "summary": {"covered_lines": 0, "num_statements": 131, "percent_covered": 0.0, "percent_covered_display": "0", "missing_lines": 131, "excluded_lines": 0, "percent_statements_covered": 0.0, "percent_statements_covered_display": "0"}, "missing_lines": [8, 10, 11, 12, 13, 14, 16, 18, 21, 22, 25, 26, 27, 28, 31, 32, 43, 44, 45, 46, 48, 49, 50, 52, 53, 54, 58, 59, 61, 68, 70, 71, 73, 80, 81, 82, 84, 85, 87, 94, 95, 96, 97, 99, 100, 102, 109, 113, 122, 123, 128, 129, 130, 135, 138, 146, 147, 152, 153, 154, 156, 162, 163, 165, 168, 175, 176, 177, 184, 191, 192, 198, 205, 206, 212, 219, 220, 222, 223, 229, 238, 239, 244, 246, 252, 260, 261, 263, 264, 265, 272, 277, 283, 284, 289, 294, 295, 297, 298, 300, 303, 311, 312, 316, 318, 319, 320, 328, 329, 335, 353, 355, 356, 358, 359, 360, 361, 363, 364, 366, 368, 371, 374, 375, 376, 379, 380, 382, 383, 384, 387], "excluded_lines": [], "functions": {"WorktreeManager.worktree_name": {"executed_lines": [], "summary": {"covered_lines": 0, "num_statements": 1, "percent_covered": 0.0, "percent_covered_display": "0", "missing_lines": 1, "excluded_lines": 0, "percent_statements_covered": 0.0, "percent_statements_covered_display": "0"}, "missing_lines": [50], "excluded_lines": [], "start_line": 49}, "WorktreeManager.worktree_path": {"executed_lines": [], "summary": {"covered_lines": 0, "num_statements": 1, "percent_covered": 0.0, "percent_covered_display": "0", "missing_lines": 1, "excluded_lines": 0, "percent_statements_covered": 0.0, "percent_statements_covered_display": "0"}, "missing_lines": [54], "excluded_lines": [], "start_line": 53}, "WorktreeManager.is_git_repo": {"executed_lines": [], "summary": {"covered_lines": 0, "num_statements": 2, "percent_covered": 0.0, "percent_covered_display": "0", "missing_lines": 2, "excluded_lines": 0, "percent_statements_covered": 0.0, "percent_statements_covered_display": "0"}, "missing_lines": [61, 68], "excluded_lines": [], "start_line": 59}, "WorktreeManager.get_repo_root": {"executed_lines": [], "summary": {"covered_lines": 0, "num_statements": 4, "percent_covered": 0.0, "percent_covered_display": "0", "missing_lines": 4, "excluded_lines": 0, "percent_statements_covered": 0.0, "percent_statements_covered_display": "0"}, "missing_lines": [73, 80, 81, 82], "excluded_lines": [], "start_line": 71}, "WorktreeManager.current_branch": {"executed_lines": [], "summary": {"covered_lines": 0, "num_statements": 5, "percent_covered": 0.0, "percent_covered_display": "0", "missing_lines": 5, "excluded_lines": 0, "percent_statements_covered": 0.0, "percent_statements_covered_display": "0"}, "missing_lines": [87, 94, 95, 96, 97], "excluded_lines": [], "start_line": 85}, "WorktreeManager.has_uncommitted_changes": {"executed_lines": [], "summary": {"covered_lines": 0, "num_statements": 2, "percent_covered": 0.0, "percent_covered_display": "0", "missing_lines": 2, "excluded_lines": 0, "percent_statements_covered": 0.0, "percent_statements_covered_display": "0"}, "missing_lines": [102, 109], "excluded_lines": [], "start_line": 100}, "WorktreeManager.create_worktree": {"executed_lines": [], "summary": {"covered_lines": 0, "num_statements": 12, "percent_covered": 0.0, "percent_covered_display": "0", "missing_lines": 12, "excluded_lines": 0, "percent_statements_covered": 0.0, "percent_statements_covered_display": "0"}, "missing_lines": [122, 123, 128, 129, 130, 135, 138, 146, 147, 152, 153, 154], "excluded_lines": [], "start_line": 113}, "WorktreeManager.commit_in_worktree": {"executed_lines": [], "summary": {"covered_lines": 0, "num_statements": 18, "percent_covered": 0.0, "percent_covered_display": "0", "missing_lines": 18, "excluded_lines": 0, "percent_statements_covered": 0.0, "percent_statements_covered_display": "0"}, "missing_lines": [162, 163, 165, 168, 175, 176, 177, 184, 191, 192, 198, 205, 206, 212, 219, 220, 222, 223], "excluded_lines": [], "start_line": 156}, "WorktreeManager.merge_back": {"executed_lines": [], "summary": {"covered_lines": 0, "num_statements": 14, "percent_covered": 0.0, "percent_covered_display": "0", "missing_lines": 14, "excluded_lines": 0, "percent_statements_covered": 0.0, "percent_statements_covered_display": "0"}, "missing_lines": [238, 239, 244, 246, 252, 260, 261, 263, 264, 265, 272, 277, 283, 284], "excluded_lines": [], "start_line": 229}, "WorktreeManager.cleanup_worktree": {"executed_lines": [], "summary": {"covered_lines": 0, "num_statements": 14, "percent_covered": 0.0, "percent_covered_display": "0", "missing_lines": 14, "excluded_lines": 0, "percent_statements_covered": 0.0, "percent_statements_covered_display": "0"}, "missing_lines": [294, 295, 297, 298, 300, 303, 311, 312, 316, 318, 319, 320, 328, 329], "excluded_lines": [], "start_line": 289}, "run_task_in_worktree": {"executed_lines": [], "summary": {"covered_lines": 0, "num_statements": 21, "percent_covered": 0.0, "percent_covered_display": "0", "missing_lines": 21, "excluded_lines": 0, "percent_statements_covered": 0.0, "percent_statements_covered_display": "0"}, "missing_lines": [353, 355, 356, 358, 359, 360, 361, 363, 364, 366, 368, 371, 374, 375, 376, 379, 380, 382, 383, 384, 387], "excluded_lines": [], "start_line": 335}, "": {"executed_lines": [], "summary": {"covered_lines": 0, "num_statements": 37, "percent_covered": 0.0, "percent_covered_display": "0", "missing_lines": 37, "excluded_lines": 0, "percent_statements_covered": 0.0, "percent_statements_covered_display": "0"}, "missing_lines": [8, 10, 11, 12, 13, 14, 16, 18, 21, 22, 25, 26, 27, 28, 31, 32, 43, 44, 45, 46, 48, 49, 52, 53, 58, 59, 70, 71, 84, 85, 99, 100, 113, 156, 229, 289, 335], "excluded_lines": [], "start_line": 1}}, "classes": {"WorktreeResult": {"executed_lines": [], "summary": {"covered_lines": 0, "num_statements": 0, "percent_covered": 100.0, "percent_covered_display": "100", "missing_lines": 0, "excluded_lines": 0, "percent_statements_covered": 100.0, "percent_statements_covered_display": "100"}, "missing_lines": [], "excluded_lines": [], "start_line": 22}, "WorktreeManager": {"executed_lines": [], "summary": {"covered_lines": 0, "num_statements": 73, "percent_covered": 0.0, "percent_covered_display": "0", "missing_lines": 73, "excluded_lines": 0, "percent_statements_covered": 0.0, "percent_statements_covered_display": "0"}, "missing_lines": [50, 54, 61, 68, 73, 80, 81, 82, 87, 94, 95, 96, 97, 102, 109, 122, 123, 128, 129, 130, 135, 138, 146, 147, 152, 153, 154, 162, 163, 165, 168, 175, 176, 177, 184, 191, 192, 198, 205, 206, 212, 219, 220, 222, 223, 238, 239, 244, 246, 252, 260, 261, 263, 264, 265, 272, 277, 283, 284, 294, 295, 297, 298, 300, 303, 311, 312, 316, 318, 319, 320, 328, 329], "excluded_lines": [], "start_line": 32}, "": {"executed_lines": [], "summary": {"covered_lines": 0, "num_statements": 58, "percent_covered": 0.0, "percent_covered_display": "0", "missing_lines": 58, "excluded_lines": 0, "percent_statements_covered": 0.0, "percent_statements_covered_display": "0"}, "missing_lines": [8, 10, 11, 12, 13, 14, 16, 18, 21, 22, 25, 26, 27, 28, 31, 32, 43, 44, 45, 46, 48, 49, 52, 53, 58, 59, 70, 71, 84, 85, 99, 100, 113, 156, 229, 289, 335, 353, 355, 356, 358, 359, 360, 361, 363, 364, 366, 368, 371, 374, 375, 376, 379, 380, 382, 383, 384, 387], "excluded_lines": [], "start_line": 1}}}}, "totals": {"covered_lines": 7686, "num_statements": 15008, "percent_covered": 51.21268656716418, "percent_covered_display": "51", "missing_lines": 7322, "excluded_lines": 43, "percent_statements_covered": 51.21268656716418, "percent_statements_covered_display": "51"}}